info: ::1 - - [12/Feb/2022:06:02:48 +0000] "POST /api/v1/book/addbook HTTP/1.1" 201 300 "-" "PostmanRuntime/7.29.0"

info: ::1 - - [12/Feb/2022:06:03:01 +0000] "GET /api/v1/book/getbook HTTP/1.1" 200 722 "-" "PostmanRuntime/7.29.0"

info: ::1 - - [12/Feb/2022:06:03:07 +0000] "GET /api/v1/book/getbookbyid/620671196de5b627a034126b HTTP/1.1" 500 83 "-" "PostmanRuntime/7.29.0"

info: ::1 - - [12/Feb/2022:06:03:29 +0000] "GET /api/v1/book/getbookbyid/62074d88a247101d1c5e48c7 HTTP/1.1" 200 287 "-" "PostmanRuntime/7.29.0"

info: ::1 - - [12/Feb/2022:06:03:36 +0000] "GET /api/v1/book/Good%20life HTTP/1.1" 200 297 "-" "PostmanRuntime/7.29.0"

info: ::1 - - [12/Feb/2022:06:03:43 +0000] "PUT /api/v1/book/updatebookbyid/620671196de5b627a034126b HTTP/1.1" 500 83 "-" "PostmanRuntime/7.29.0"

info: ::1 - - [12/Feb/2022:06:03:56 +0000] "PUT /api/v1/book/updatebookbyid/62074d88a247101d1c5e48c7 HTTP/1.1" 200 310 "-" "PostmanRuntime/7.29.0"

info: ::1 - - [12/Feb/2022:06:04:05 +0000] "DELETE /api/v1/book/deletebookbyid/620671196de5b627a034126b HTTP/1.1" 500 83 "-" "PostmanRuntime/7.29.0"

info: ::1 - - [12/Feb/2022:06:27:05 +0000] "POST /api/v1/book/addbook HTTP/1.1" 201 300 "-" "PostmanRuntime/7.29.0"

info: ::1 - - [12/Feb/2022:06:27:14 +0000] "GET /api/v1/book/getbook HTTP/1.1" 200 945 "-" "PostmanRuntime/7.29.0"

info: ::1 - - [12/Feb/2022:06:27:29 +0000] "GET /api/v1/book/Good%20life HTTP/1.1" 200 520 "-" "PostmanRuntime/7.29.0"

info: ::1 - - [12/Feb/2022:06:28:32 +0000] "POST /api/v1/users/login HTTP/1.1" 200 368 "-" "PostmanRuntime/7.29.0"

info: ::1 - - [12/Feb/2022:06:28:42 +0000] "POST /api/v1/users/admin HTTP/1.1" 500 61 "-" "PostmanRuntime/7.29.0"

info: ::1 - - [12/Feb/2022:06:29:18 +0000] "GET /api/v1/book/getbook HTTP/1.1" 200 945 "-" "PostmanRuntime/7.29.0"

info: ::1 - - [12/Feb/2022:06:29:29 +0000] "GET /api/v1/book/getbook HTTP/1.1" 200 945 "-" "PostmanRuntime/7.29.0"

info: ::1 - - [12/Feb/2022:06:30:15 +0000] "GET /api/v1/book/getbook HTTP/1.1" 200 945 "-" "PostmanRuntime/7.29.0"

info: ::1 - - [12/Feb/2022:13:04:59 +0000] "POST /api/v1/cart/62075339a247101d1c5e48d0 HTTP/1.1" 404 47 "-" "PostmanRuntime/7.29.0"

info: ::1 - - [12/Feb/2022:13:06:37 +0000] "POST /api/v1/cart/62075339a247101d1c5e48d0 HTTP/1.1" 404 47 "-" "PostmanRuntime/7.29.0"

info: ::1 - - [12/Feb/2022:13:08:36 +0000] "POST /api/v1/cart/:id HTTP/1.1" 404 47 "-" "PostmanRuntime/7.29.0"

info: ::1 - - [12/Feb/2022:13:26:36 +0000] "POST /api/v1/cart/:id HTTP/1.1" 400 56 "-" "PostmanRuntime/7.29.0"

info: ::1 - - [12/Feb/2022:13:26:49 +0000] "POST /api/v1/cart/:id HTTP/1.1" 500 52 "-" "PostmanRuntime/7.29.0"

info: ::1 - - [12/Feb/2022:13:27:26 +0000] "POST /api/v1/cart/:id HTTP/1.1" 500 52 "-" "PostmanRuntime/7.29.0"

info: ::1 - - [12/Feb/2022:13:27:29 +0000] "POST /api/v1/cart/:id HTTP/1.1" 500 52 "-" "PostmanRuntime/7.29.0"

info: ::1 - - [12/Feb/2022:13:28:06 +0000] "POST /api/v1/cart/:id HTTP/1.1" 500 59 "-" "PostmanRuntime/7.29.0"

info: ::1 - - [12/Feb/2022:13:28:46 +0000] "POST /api/v1/cart/:id HTTP/1.1" 500 85 "-" "PostmanRuntime/7.29.0"

info: ::1 - - [12/Feb/2022:13:30:40 +0000] "POST /api/v1/cart/:id HTTP/1.1" 500 85 "-" "PostmanRuntime/7.29.0"

info: ::1 - - [12/Feb/2022:13:30:49 +0000] "POST /api/v1/cart/:id HTTP/1.1" 500 85 "-" "PostmanRuntime/7.29.0"

info: ::1 - - [12/Feb/2022:13:33:03 +0000] "POST /api/v1/cart/:id HTTP/1.1" 500 85 "-" "PostmanRuntime/7.29.0"

info: ::1 - - [12/Feb/2022:13:34:11 +0000] "POST /api/v1/cart/62062054d9520c4dec032267 HTTP/1.1" 500 85 "-" "PostmanRuntime/7.29.0"

info: ::1 - - [12/Feb/2022:13:35:16 +0000] "POST /api/v1/cart/62062054d9520c4dec032267 HTTP/1.1" 500 56 "-" "PostmanRuntime/7.29.0"

info: ::1 - - [12/Feb/2022:13:35:28 +0000] "POST /api/v1/cart/62062054d9520c4dec032267 HTTP/1.1" 500 85 "-" "PostmanRuntime/7.29.0"

info: ::1 - - [12/Feb/2022:13:35:34 +0000] "POST /api/v1/cart/62062054d9520c4dec032267 HTTP/1.1" 500 85 "-" "PostmanRuntime/7.29.0"

info: ::1 - - [12/Feb/2022:13:43:50 +0000] "POST /api/v1/cart/62062054d9520c4dec032267 HTTP/1.1" 500 85 "-" "PostmanRuntime/7.29.0"

info: ::1 - - [12/Feb/2022:13:44:27 +0000] "POST /api/v1/cart/62062054d9520c4dec032267 HTTP/1.1" 500 85 "-" "PostmanRuntime/7.29.0"

info: ::1 - - [12/Feb/2022:13:44:29 +0000] "POST /api/v1/cart/62062054d9520c4dec032267 HTTP/1.1" 500 85 "-" "PostmanRuntime/7.29.0"

info: ::1 - - [12/Feb/2022:13:59:27 +0000] "POST /api/v1/cart/62062054d9520c4dec032267 HTTP/1.1" 500 85 "-" "PostmanRuntime/7.29.0"

info: ::1 - - [12/Feb/2022:14:00:44 +0000] "POST /api/v1/cart/62062054d9520c4dec032267 HTTP/1.1" 500 85 "-" "PostmanRuntime/7.29.0"

info: ::1 - - [12/Feb/2022:14:01:50 +0000] "POST /api/v1/cart/62062054d9520c4dec032267 HTTP/1.1" 500 85 "-" "PostmanRuntime/7.29.0"

info: ::1 - - [12/Feb/2022:14:08:24 +0000] "GET /api/v1/cart/ HTTP/1.1" 400 56 "-" "PostmanRuntime/7.29.0"

info: ::1 - - [12/Feb/2022:14:08:33 +0000] "GET /api/v1/cart/ HTTP/1.1" 500 52 "-" "PostmanRuntime/7.29.0"

info: ::1 - - [12/Feb/2022:14:08:52 +0000] "GET /api/v1/cart/ HTTP/1.1" 500 52 "-" "PostmanRuntime/7.29.0"

info: ::1 - - [12/Feb/2022:14:09:19 +0000] "GET /api/v1/cart/ HTTP/1.1" 500 85 "-" "PostmanRuntime/7.29.0"

info: ::1 - - [12/Feb/2022:14:09:32 +0000] "POST /api/v1/cart/62062054d9520c4dec032267 HTTP/1.1" 500 85 "-" "PostmanRuntime/7.29.0"

info: ::1 - - [12/Feb/2022:14:21:09 +0000] "POST /api/v1/cart/addcart HTTP/1.1" 500 85 "-" "PostmanRuntime/7.29.0"

info: ::1 - - [12/Feb/2022:14:22:24 +0000] "POST /api/v1/cart/addcart/620650a2455c181d9c16eab2 HTTP/1.1" 404 47 "-" "PostmanRuntime/7.29.0"

info: ::1 - - [12/Feb/2022:14:22:49 +0000] "POST /api/v1/cart/addcart/620650a2455c181d9c16eab2 HTTP/1.1" 500 85 "-" "PostmanRuntime/7.29.0"

info: ::1 - - [12/Feb/2022:14:24:04 +0000] "POST /api/v1/cart/addcart/620650a2455c181d9c16eab2 HTTP/1.1" 500 85 "-" "PostmanRuntime/7.29.0"

info: ::1 - - [12/Feb/2022:14:24:37 +0000] "GET /api/v1/book/getbook HTTP/1.1" 200 945 "-" "PostmanRuntime/7.29.0"

info: ::1 - - [12/Feb/2022:14:24:58 +0000] "POST /api/v1/cart/addcart/62075339a247101d1c5e48d0 HTTP/1.1" 500 85 "-" "PostmanRuntime/7.29.0"

info: ::1 - - [12/Feb/2022:14:25:26 +0000] "POST /api/v1/cart/addcart/62075339a247101d1c5e48d0 HTTP/1.1" 500 85 "-" "PostmanRuntime/7.29.0"

info: ::1 - - [12/Feb/2022:14:25:28 +0000] "POST /api/v1/cart/addcart/62075339a247101d1c5e48d0 HTTP/1.1" 500 85 "-" "PostmanRuntime/7.29.0"

info: ::1 - - [12/Feb/2022:14:28:38 +0000] "POST /api/v1/cart/addcart/62075339a247101d1c5e48d0 HTTP/1.1" 500 85 "-" "PostmanRuntime/7.29.0"

info: ::1 - - [12/Feb/2022:14:29:00 +0000] "POST /api/v1/cart/addcart/62075339a247101d1c5e48d0 HTTP/1.1" 500 52 "-" "PostmanRuntime/7.29.0"

info: ::1 - - [12/Feb/2022:14:29:53 +0000] "POST /api/v1/cart/addcart/62075339a247101d1c5e48d0 HTTP/1.1" 500 52 "-" "PostmanRuntime/7.29.0"

info: ::1 - - [12/Feb/2022:14:30:53 +0000] "GET /api/v1/book/getbook HTTP/1.1" 200 945 "-" "PostmanRuntime/7.29.0"

info: ::1 - - [12/Feb/2022:14:31:35 +0000] "POST /api/v1/book/addbook HTTP/1.1" 201 301 "-" "PostmanRuntime/7.29.0"

info: ::1 - - [12/Feb/2022:14:31:45 +0000] "GET /api/v1/book/getbook HTTP/1.1" 200 1172 "-" "PostmanRuntime/7.29.0"

info: ::1 - - [12/Feb/2022:14:32:03 +0000] "POST /api/v1/cart/addcart/6207c4c7f7e96c095cf4d785 HTTP/1.1" 500 52 "-" "PostmanRuntime/7.29.0"

info: ::1 - - [12/Feb/2022:14:32:26 +0000] "POST /api/v1/cart/addcart/6207c4c7f7e96c095cf4d785 HTTP/1.1" 500 52 "-" "PostmanRuntime/7.29.0"

info: ::1 - - [12/Feb/2022:14:32:51 +0000] "POST /api/v1/cart/addcart/6207c4c7f7e96c095cf4d785 HTTP/1.1" 500 85 "-" "PostmanRuntime/7.29.0"

info: ::1 - - [12/Feb/2022:14:33:55 +0000] "POST /api/v1/cart/addcart/6207c4c7f7e96c095cf4d785 HTTP/1.1" 500 85 "-" "PostmanRuntime/7.29.0"

info: ::1 - - [12/Feb/2022:14:34:17 +0000] "POST /api/v1/cart/addcart/6207c4c7f7e96c095cf4d785 HTTP/1.1" 500 85 "-" "PostmanRuntime/7.29.0"

info: ::1 - - [12/Feb/2022:14:35:20 +0000] "POST /api/v1/cart/addcart/6207c4c7f7e96c095cf4d785 HTTP/1.1" 500 52 "-" "PostmanRuntime/7.29.0"

info: ::1 - - [12/Feb/2022:14:40:37 +0000] "POST /api/v1/cart/addcart/6207c4c7f7e96c095cf4d785 HTTP/1.1" 500 52 "-" "PostmanRuntime/7.29.0"

info: ::1 - - [12/Feb/2022:14:41:50 +0000] "POST /api/v1/cart/:id HTTP/1.1" 404 47 "-" "PostmanRuntime/7.29.0"

info: ::1 - - [12/Feb/2022:14:42:25 +0000] "POST /api/v1/cart/6207c4c7f7e96c095cf4d785 HTTP/1.1" 500 52 "-" "PostmanRuntime/7.29.0"

info: ::1 - - [12/Feb/2022:14:43:15 +0000] "POST /api/v1/book/addbook HTTP/1.1" 201 301 "-" "PostmanRuntime/7.29.0"

info: ::1 - - [12/Feb/2022:14:43:33 +0000] "POST /api/v1/cart/6207c7837f30084964aeeb51 HTTP/1.1" 500 52 "-" "PostmanRuntime/7.29.0"

info: ::1 - - [12/Feb/2022:14:44:05 +0000] "POST /api/v1/cart/6207c7837f30084964aeeb51 HTTP/1.1" 500 86 "-" "PostmanRuntime/7.29.0"

info: ::1 - - [12/Feb/2022:14:44:38 +0000] "POST /api/v1/cart/6207c7837f30084964aeeb51 HTTP/1.1" 500 86 "-" "PostmanRuntime/7.29.0"

info: ::1 - - [12/Feb/2022:14:45:03 +0000] "POST /api/v1/cart/6207c7837f30084964aeeb51 HTTP/1.1" 500 86 "-" "PostmanRuntime/7.29.0"

info: ::1 - - [12/Feb/2022:14:46:02 +0000] "POST /api/v1/cart/6207c7837f30084964aeeb51 HTTP/1.1" 500 86 "-" "PostmanRuntime/7.29.0"

info: ::1 - - [12/Feb/2022:14:48:01 +0000] "POST /api/v1/cart/6207c7837f30084964aeeb51 HTTP/1.1" 500 86 "-" "PostmanRuntime/7.29.0"

info: ::1 - - [12/Feb/2022:14:48:59 +0000] "POST /api/v1/book/addbook HTTP/1.1" 201 277 "-" "PostmanRuntime/7.29.0"

info: ::1 - - [12/Feb/2022:14:49:24 +0000] "POST /api/v1/cart/6207c8db79399205d0fd7577 HTTP/1.1" 500 86 "-" "PostmanRuntime/7.29.0"

info: ::1 - - [12/Feb/2022:14:51:22 +0000] "POST /api/v1/cart/6207c8db79399205d0fd7577 HTTP/1.1" 201 248 "-" "PostmanRuntime/7.29.0"

info: ::1 - - [12/Feb/2022:14:52:02 +0000] "POST /api/v1/book/addbook HTTP/1.1" 201 280 "-" "PostmanRuntime/7.29.0"

info: ::1 - - [12/Feb/2022:14:53:46 +0000] "GET /api/v1/book/getbook HTTP/1.1" 200 1834 "-" "PostmanRuntime/7.29.0"

info: ::1 - - [12/Feb/2022:14:55:14 +0000] "PUT /api/v1/cart/ HTTP/1.1" 400 59 "-" "PostmanRuntime/7.29.0"

info: ::1 - - [12/Feb/2022:14:55:45 +0000] "PUT /api/v1/cart/ HTTP/1.1" 400 59 "-" "PostmanRuntime/7.29.0"

info: ::1 - - [12/Feb/2022:14:55:56 +0000] "PUT /api/v1/cart/ HTTP/1.1" 400 59 "-" "PostmanRuntime/7.29.0"

info: ::1 - - [12/Feb/2022:14:56:51 +0000] "PUT /api/v1/cart/ HTTP/1.1" 400 59 "-" "PostmanRuntime/7.29.0"

info: ::1 - - [12/Feb/2022:14:57:22 +0000] "PUT /api/v1/cart/ HTTP/1.1" 400 59 "-" "PostmanRuntime/7.29.0"

info: ::1 - - [12/Feb/2022:14:58:05 +0000] "POST /api/v1/cart/6207c992a90e3a22b47dbd24 HTTP/1.1" 201 292 "-" "PostmanRuntime/7.29.0"

info: ::1 - - [12/Feb/2022:14:59:28 +0000] "PUT /api/v1/cart/ HTTP/1.1" 400 59 "-" "PostmanRuntime/7.29.0"

info: ::1 - - [12/Feb/2022:15:00:49 +0000] "PUT /api/v1/cart/removecart HTTP/1.1" 400 59 "-" "PostmanRuntime/7.29.0"

info: ::1 - - [12/Feb/2022:15:01:40 +0000] "PUT /api/v1/cart/removecart HTTP/1.1" 500 71 "-" "PostmanRuntime/7.29.0"

info: ::1 - - [12/Feb/2022:15:07:51 +0000] "PUT /api/v1/cart/removecart HTTP/1.1" 400 48 "-" "PostmanRuntime/7.29.0"

info: ::1 - - [12/Feb/2022:15:07:59 +0000] "PUT /api/v1/cart/removecart HTTP/1.1" 400 48 "-" "PostmanRuntime/7.29.0"

info: ::1 - - [12/Feb/2022:15:08:05 +0000] "PUT /api/v1/cart/removecart HTTP/1.1" 500 71 "-" "PostmanRuntime/7.29.0"

info: ::1 - - [12/Feb/2022:15:08:14 +0000] "PUT /api/v1/cart/removecart HTTP/1.1" 400 48 "-" "PostmanRuntime/7.29.0"

info: ::1 - - [12/Feb/2022:15:08:22 +0000] "PUT /api/v1/cart/removecart HTTP/1.1" 400 48 "-" "PostmanRuntime/7.29.0"

info: ::1 - - [12/Feb/2022:15:08:25 +0000] "PUT /api/v1/cart/removecart HTTP/1.1" 400 48 "-" "PostmanRuntime/7.29.0"

info: ::1 - - [12/Feb/2022:15:08:31 +0000] "PUT /api/v1/cart/removecart HTTP/1.1" 400 48 "-" "PostmanRuntime/7.29.0"

info: ::1 - - [12/Feb/2022:15:08:40 +0000] "PUT /api/v1/cart/removecart HTTP/1.1" 400 48 "-" "PostmanRuntime/7.29.0"

info: ::1 - - [12/Feb/2022:15:08:49 +0000] "PUT /api/v1/cart/removecart HTTP/1.1" 400 48 "-" "PostmanRuntime/7.29.0"

info: ::1 - - [12/Feb/2022:15:09:09 +0000] "PUT /api/v1/cart/removecart HTTP/1.1" 400 48 "-" "PostmanRuntime/7.29.0"

info: ::1 - - [12/Feb/2022:15:09:12 +0000] "PUT /api/v1/cart/removecart HTTP/1.1" 400 48 "-" "PostmanRuntime/7.29.0"

info: ::1 - - [12/Feb/2022:15:09:18 +0000] "PUT /api/v1/cart/removecart HTTP/1.1" 500 71 "-" "PostmanRuntime/7.29.0"

info: ::1 - - [12/Feb/2022:15:09:26 +0000] "PUT /api/v1/cart/removecart HTTP/1.1" 400 48 "-" "PostmanRuntime/7.29.0"

info: ::1 - - [12/Feb/2022:15:09:34 +0000] "PUT /api/v1/cart/removecart HTTP/1.1" 400 48 "-" "PostmanRuntime/7.29.0"

info: ::1 - - [12/Feb/2022:15:09:40 +0000] "PUT /api/v1/cart/removecart HTTP/1.1" 400 48 "-" "PostmanRuntime/7.29.0"

info: ::1 - - [12/Feb/2022:15:10:05 +0000] "PUT /api/v1/cart/removecart HTTP/1.1" 400 48 "-" "PostmanRuntime/7.29.0"

info: ::1 - - [12/Feb/2022:15:10:19 +0000] "PUT /api/v1/cart/removecart HTTP/1.1" 400 48 "-" "PostmanRuntime/7.29.0"

info: ::1 - - [12/Feb/2022:15:10:21 +0000] "PUT /api/v1/cart/removecart HTTP/1.1" 400 48 "-" "PostmanRuntime/7.29.0"

info: ::1 - - [12/Feb/2022:15:10:48 +0000] "PUT /api/v1/cart/removecart HTTP/1.1" 400 48 "-" "PostmanRuntime/7.29.0"

info: ::1 - - [12/Feb/2022:15:10:58 +0000] "PUT /api/v1/cart/removecart HTTP/1.1" 400 48 "-" "PostmanRuntime/7.29.0"

info: ::1 - - [12/Feb/2022:15:11:03 +0000] "PUT /api/v1/cart/removecart HTTP/1.1" 400 48 "-" "PostmanRuntime/7.29.0"

info: ::1 - - [12/Feb/2022:15:12:14 +0000] "PUT /api/v1/cart/6207c8db79399205d0fd7577 HTTP/1.1" 400 56 "-" "PostmanRuntime/7.29.0"

info: ::1 - - [12/Feb/2022:15:12:22 +0000] "PUT /api/v1/cart/6207c8db79399205d0fd7577 HTTP/1.1" 500 71 "-" "PostmanRuntime/7.29.0"

info: ::1 - - [12/Feb/2022:15:12:44 +0000] "GET /api/v1/cart/ HTTP/1.1" 500 85 "-" "PostmanRuntime/7.29.0"

info: ::1 - - [12/Feb/2022:15:12:50 +0000] "PUT /api/v1/cart/removecart HTTP/1.1" 400 48 "-" "PostmanRuntime/7.29.0"

info: ::1 - - [12/Feb/2022:15:15:23 +0000] "POST /api/v1/book/addbook HTTP/1.1" 201 280 "-" "PostmanRuntime/7.29.0"

info: ::1 - - [12/Feb/2022:15:15:46 +0000] "POST /api/v1/cart/6207cf0bd34c724168c3a264 HTTP/1.1" 201 290 "-" "PostmanRuntime/7.29.0"

info: ::1 - - [12/Feb/2022:15:16:42 +0000] "PUT /api/v1/cart/removecart HTTP/1.1" 500 71 "-" "PostmanRuntime/7.29.0"

info: ::1 - - [12/Feb/2022:15:19:49 +0000] "POST /api/v1/book/addbook HTTP/1.1" 201 299 "-" "PostmanRuntime/7.29.0"

info: ::1 - - [12/Feb/2022:15:20:04 +0000] "GET /api/v1/book/getbook HTTP/1.1" 200 2291 "-" "PostmanRuntime/7.29.0"

info: ::1 - - [12/Feb/2022:15:20:22 +0000] "POST /api/v1/cart/6207d015d34c724168c3a26c HTTP/1.1" 201 301 "-" "PostmanRuntime/7.29.0"

info: ::1 - - [12/Feb/2022:15:21:57 +0000] "PUT /api/v1/cart/removecart HTTP/1.1" 500 71 "-" "PostmanRuntime/7.29.0"

info: ::1 - - [12/Feb/2022:15:23:35 +0000] "PUT /api/v1/cart/6207c8db79399205d0fd7577 HTTP/1.1" 500 71 "-" "PostmanRuntime/7.29.0"

info: ::1 - - [12/Feb/2022:15:25:50 +0000] "PUT /api/v1/cart/6207c8db79399205d0fd7577 HTTP/1.1" 500 71 "-" "PostmanRuntime/7.29.0"

info: ::1 - - [12/Feb/2022:15:28:06 +0000] "PUT /api/v1/cart/6207c8db79399205d0fd7577 HTTP/1.1" 500 71 "-" "PostmanRuntime/7.29.0"

info: ::1 - - [12/Feb/2022:15:28:43 +0000] "PUT /api/v1/cart/6207c8db79399205d0fd7577 HTTP/1.1" 500 71 "-" "PostmanRuntime/7.29.0"

info: ::1 - - [12/Feb/2022:15:32:41 +0000] "GET /api/v1/cart/ HTTP/1.1" 500 85 "-" "PostmanRuntime/7.29.0"

info: ::1 - - [12/Feb/2022:15:33:23 +0000] "GET /api/v1/cart/ HTTP/1.1" 500 86 "-" "PostmanRuntime/7.29.0"

info: ::1 - - [12/Feb/2022:15:33:47 +0000] "GET /api/v1/cart/ HTTP/1.1" 500 86 "-" "PostmanRuntime/7.29.0"

info: ::1 - - [12/Feb/2022:15:33:53 +0000] "GET /api/v1/cart/ HTTP/1.1" 500 86 "-" "PostmanRuntime/7.29.0"

info: ::1 - - [12/Feb/2022:15:34:15 +0000] "GET /api/v1/cart/ HTTP/1.1" 500 86 "-" "PostmanRuntime/7.29.0"

info: ::1 - - [12/Feb/2022:15:35:41 +0000] "GET /api/v1/cart/ HTTP/1.1" 500 86 "-" "PostmanRuntime/7.29.0"

info: ::1 - - [12/Feb/2022:15:36:38 +0000] "GET /api/v1/cart/ HTTP/1.1" 200 330 "-" "PostmanRuntime/7.29.0"

info: ::1 - - [12/Feb/2022:15:36:51 +0000] "PUT /api/v1/cart/6207c8db79399205d0fd7577 HTTP/1.1" 500 71 "-" "PostmanRuntime/7.29.0"

info: ::1 - - [12/Feb/2022:15:36:56 +0000] "PUT /api/v1/cart/removecart HTTP/1.1" 400 48 "-" "PostmanRuntime/7.29.0"

info: ::1 - - [12/Feb/2022:15:37:02 +0000] "PUT /api/v1/cart/removecart HTTP/1.1" 500 71 "-" "PostmanRuntime/7.29.0"

