info: ::1 - - [11/Feb/2022:07:23:51 +0000] "POST /api/v1/book/addbook HTTP/1.1" 400 56 "-" "PostmanRuntime/7.28.4"

info: ::1 - - [11/Feb/2022:07:26:10 +0000] "POST /user HTTP/1.1" 404 47 "-" "PostmanRuntime/7.28.4"

info: ::1 - - [11/Feb/2022:07:27:32 +0000] "POST /user HTTP/1.1" 404 47 "-" "PostmanRuntime/7.28.4"

info: ::1 - - [11/Feb/2022:07:29:46 +0000] "POST /api/v1/users/admin HTTP/1.1" 201 363 "-" "PostmanRuntime/7.28.4"

info: ::1 - - [11/Feb/2022:07:32:05 +0000] "POST /api/v1/users/user HTTP/1.1" 201 346 "-" "PostmanRuntime/7.28.4"

info: ::1 - - [11/Feb/2022:07:32:56 +0000] "POST /api/v1/users/login HTTP/1.1" 500 47 "-" "PostmanRuntime/7.28.4"

info: ::1 - - [11/Feb/2022:07:33:40 +0000] "POST /api/v1/users/login HTTP/1.1" 500 47 "-" "PostmanRuntime/7.28.4"

info: ::1 - - [11/Feb/2022:07:34:11 +0000] "POST /api/v1/users/login HTTP/1.1" 200 346 "-" "PostmanRuntime/7.28.4"

info: ::1 - - [11/Feb/2022:07:34:50 +0000] "POST /api/v1/book/addbook HTTP/1.1" 500 52 "-" "PostmanRuntime/7.28.4"

info: ::1 - - [11/Feb/2022:07:35:11 +0000] "POST /api/v1/users/login HTTP/1.1" 200 346 "-" "PostmanRuntime/7.28.4"

info: ::1 - - [11/Feb/2022:07:35:15 +0000] "POST /api/v1/users/login HTTP/1.1" 200 346 "-" "PostmanRuntime/7.28.4"

info: ::1 - - [11/Feb/2022:07:35:35 +0000] "POST /api/v1/book/addbook HTTP/1.1" 500 52 "-" "PostmanRuntime/7.28.4"

info: ::1 - - [11/Feb/2022:07:56:09 +0000] "POST /api/v1/users/login HTTP/1.1" 200 346 "-" "PostmanRuntime/7.28.4"

info: ::1 - - [11/Feb/2022:07:56:13 +0000] "POST /api/v1/users/login HTTP/1.1" 200 346 "-" "PostmanRuntime/7.28.4"

info: ::1 - - [11/Feb/2022:07:56:20 +0000] "POST /login HTTP/1.1" 404 47 "-" "PostmanRuntime/7.28.4"

info: ::1 - - [11/Feb/2022:07:56:22 +0000] "POST /login HTTP/1.1" 404 47 "-" "PostmanRuntime/7.28.4"

info: ::1 - - [11/Feb/2022:07:56:23 +0000] "POST /login HTTP/1.1" 404 47 "-" "PostmanRuntime/7.28.4"

info: ::1 - - [11/Feb/2022:07:56:31 +0000] "POST /login HTTP/1.1" 404 47 "-" "PostmanRuntime/7.28.4"

info: ::1 - - [11/Feb/2022:07:56:40 +0000] "POST /api/v1/users/login HTTP/1.1" 200 346 "-" "PostmanRuntime/7.28.4"

info: ::1 - - [11/Feb/2022:07:57:08 +0000] "POST /api/v1/book/addbook HTTP/1.1" 500 52 "-" "PostmanRuntime/7.28.4"

info: ::1 - - [11/Feb/2022:07:57:10 +0000] "POST /api/v1/book/addbook HTTP/1.1" 500 52 "-" "PostmanRuntime/7.28.4"

info: ::1 - - [11/Feb/2022:07:57:28 +0000] "POST /api/v1/book/addbook HTTP/1.1" 500 52 "-" "PostmanRuntime/7.28.4"

info: ::1 - - [11/Feb/2022:07:57:31 +0000] "POST /api/v1/book/addbook HTTP/1.1" 500 52 "-" "PostmanRuntime/7.28.4"

info: ::1 - - [11/Feb/2022:07:57:41 +0000] "POST /api/v1/users/user HTTP/1.1" 201 346 "-" "PostmanRuntime/7.28.4"

info: ::1 - - [11/Feb/2022:07:57:55 +0000] "POST /api/v1/users/login HTTP/1.1" 200 346 "-" "PostmanRuntime/7.28.4"

info: ::1 - - [11/Feb/2022:08:02:57 +0000] "POST /api/v1/users/login HTTP/1.1" 200 346 "-" "PostmanRuntime/7.28.4"

info: ::1 - - [11/Feb/2022:08:04:33 +0000] "POST /api/v1/book/addbook HTTP/1.1" 500 52 "-" "PostmanRuntime/7.28.4"

info: ::1 - - [11/Feb/2022:08:04:41 +0000] "POST /api/v1/users/login HTTP/1.1" 200 346 "-" "PostmanRuntime/7.28.4"

info: ::1 - - [11/Feb/2022:08:04:52 +0000] "POST /api/v1/users/login HTTP/1.1" 200 346 "-" "PostmanRuntime/7.28.4"

info: ::1 - - [11/Feb/2022:08:05:20 +0000] "POST /api/v1/book/addbook HTTP/1.1" 500 48 "-" "PostmanRuntime/7.28.4"

info: ::1 - - [11/Feb/2022:08:07:42 +0000] "POST /api/v1/users/login HTTP/1.1" 200 346 "-" "PostmanRuntime/7.28.4"

info: ::1 - - [11/Feb/2022:08:08:25 +0000] "POST /api/v1/book/addbook HTTP/1.1" 500 52 "-" "PostmanRuntime/7.28.4"

info: ::1 - - [11/Feb/2022:08:12:31 +0000] "POST /api/v1/users/login HTTP/1.1" 200 346 "-" "PostmanRuntime/7.28.4"

info: ::1 - - [11/Feb/2022:08:13:04 +0000] "POST /api/v1/book/addbook HTTP/1.1" 500 52 "-" "PostmanRuntime/7.28.4"

info: ::1 - - [11/Feb/2022:08:14:30 +0000] "POST /api/v1/users/user HTTP/1.1" 201 346 "-" "PostmanRuntime/7.28.4"

info: ::1 - - [11/Feb/2022:08:14:47 +0000] "POST /api/v1/users/login HTTP/1.1" 200 346 "-" "PostmanRuntime/7.28.4"

info: ::1 - - [11/Feb/2022:08:15:04 +0000] "POST /api/v1/book/addbook HTTP/1.1" 500 52 "-" "PostmanRuntime/7.28.4"

info: ::1 - - [11/Feb/2022:08:16:42 +0000] "POST /api/v1/book/addbook HTTP/1.1" 500 52 "-" "PostmanRuntime/7.28.4"

info: ::1 - - [11/Feb/2022:08:17:06 +0000] "POST /api/v1/book/addbook HTTP/1.1" 500 52 "-" "PostmanRuntime/7.28.4"

info: ::1 - - [11/Feb/2022:08:17:44 +0000] "POST /api/v1/book/addbook HTTP/1.1" 500 52 "-" "PostmanRuntime/7.28.4"

info: ::1 - - [11/Feb/2022:08:17:47 +0000] "POST /api/v1/book/addbook HTTP/1.1" 500 52 "-" "PostmanRuntime/7.28.4"

info: ::1 - - [11/Feb/2022:08:18:06 +0000] "POST /api/v1/book/addbook HTTP/1.1" 500 52 "-" "PostmanRuntime/7.28.4"

info: ::1 - - [11/Feb/2022:08:20:18 +0000] "POST /api/v1/book/addbook HTTP/1.1" 500 52 "-" "PostmanRuntime/7.28.4"

info: ::1 - - [11/Feb/2022:08:20:34 +0000] "POST /api/v1/book/addbook HTTP/1.1" 500 52 "-" "PostmanRuntime/7.28.4"

info: ::1 - - [11/Feb/2022:08:20:45 +0000] "POST /api/v1/users/login HTTP/1.1" 200 346 "-" "PostmanRuntime/7.28.4"

info: ::1 - - [11/Feb/2022:08:21:07 +0000] "POST /api/v1/book/addbook HTTP/1.1" 500 52 "-" "PostmanRuntime/7.28.4"

info: ::1 - - [11/Feb/2022:08:23:43 +0000] "POST /api/v1/book/addbook HTTP/1.1" 500 52 "-" "PostmanRuntime/7.28.4"

info: ::1 - - [11/Feb/2022:08:24:54 +0000] "POST /api/v1/book/addbook HTTP/1.1" 500 52 "-" "PostmanRuntime/7.28.4"

info: ::1 - - [11/Feb/2022:08:30:21 +0000] "POST /api/v1/book/addbook HTTP/1.1" 200 57 "-" "PostmanRuntime/7.28.4"

info: ::1 - - [11/Feb/2022:08:31:09 +0000] "POST /api/v1/users/login HTTP/1.1" 500 47 "-" "PostmanRuntime/7.28.4"

info: ::1 - - [11/Feb/2022:08:31:34 +0000] "POST /api/v1/users/admin HTTP/1.1" 201 363 "-" "PostmanRuntime/7.28.4"

info: ::1 - - [11/Feb/2022:08:31:44 +0000] "POST /api/v1/users/login HTTP/1.1" 500 47 "-" "PostmanRuntime/7.28.4"

info: ::1 - - [11/Feb/2022:08:36:49 +0000] "POST /api/v1/users/admin HTTP/1.1" 201 363 "-" "PostmanRuntime/7.28.4"

info: ::1 - - [11/Feb/2022:08:37:14 +0000] "POST /api/v1/users/user HTTP/1.1" 201 346 "-" "PostmanRuntime/7.28.4"

info: ::1 - - [11/Feb/2022:08:37:20 +0000] "POST /api/v1/users/login HTTP/1.1" 200 368 "-" "PostmanRuntime/7.28.4"

info: ::1 - - [11/Feb/2022:08:37:40 +0000] "POST /api/v1/book/addbook HTTP/1.1" 201 293 "-" "PostmanRuntime/7.28.4"

info: ::1 - - [11/Feb/2022:08:39:28 +0000] "POST /api/v1/book/getbook HTTP/1.1" 404 47 "-" "PostmanRuntime/7.28.4"

info: ::1 - - [11/Feb/2022:08:39:48 +0000] "POST /api/v1/book/getbook HTTP/1.1" 404 47 "-" "PostmanRuntime/7.28.4"

info: ::1 - - [11/Feb/2022:08:40:01 +0000] "GET /api/v1/book/getbook HTTP/1.1" 500 52 "-" "PostmanRuntime/7.28.4"

info: ::1 - - [11/Feb/2022:08:40:32 +0000] "GET /api/v1/book/getbook HTTP/1.1" 500 52 "-" "PostmanRuntime/7.28.4"

info: ::1 - - [11/Feb/2022:08:41:04 +0000] "GET /api/v1/book/getbook?_id=62062054d9520c4dec032267 HTTP/1.1" 500 52 "-" "PostmanRuntime/7.28.4"

info: ::1 - - [11/Feb/2022:08:41:21 +0000] "GET /api/v1/book/getbook HTTP/1.1" 500 52 "-" "PostmanRuntime/7.28.4"

info: ::1 - - [11/Feb/2022:08:42:05 +0000] "GET /api/v1/book/getbook HTTP/1.1" 500 52 "-" "PostmanRuntime/7.28.4"

info: ::1 - - [11/Feb/2022:08:43:56 +0000] "GET /api/v1/book/getbook HTTP/1.1" 500 52 "-" "PostmanRuntime/7.28.4"

info: ::1 - - [11/Feb/2022:08:44:38 +0000] "GET /api/v1/book/getbook HTTP/1.1" 500 52 "-" "PostmanRuntime/7.28.4"

info: ::1 - - [11/Feb/2022:08:44:58 +0000] "GET /api/v1/book/getbook HTTP/1.1" 500 52 "-" "PostmanRuntime/7.28.4"

info: ::1 - - [11/Feb/2022:08:45:00 +0000] "GET /api/v1/book/getbook HTTP/1.1" 500 52 "-" "PostmanRuntime/7.28.4"

info: ::1 - - [11/Feb/2022:08:46:00 +0000] "GET /api/v1/book/getbook HTTP/1.1" 500 52 "-" "PostmanRuntime/7.28.4"

info: ::1 - - [11/Feb/2022:11:42:30 +0000] "GET /api/v1/book/getbook HTTP/1.1" 200 270 "-" "PostmanRuntime/7.28.4"

info: ::1 - - [11/Feb/2022:12:03:46 +0000] "POST /api/v1/book/addbook HTTP/1.1" 201 300 "-" "PostmanRuntime/7.28.4"

info: ::1 - - [11/Feb/2022:12:04:26 +0000] "GET /api/v1/book/62062054d9520c4dec032267 HTTP/1.1" 500 54 "-" "PostmanRuntime/7.28.4"

info: ::1 - - [11/Feb/2022:12:04:42 +0000] "GET /api/v1/book/_id HTTP/1.1" 500 54 "-" "PostmanRuntime/7.28.4"

info: ::1 - - [11/Feb/2022:12:04:54 +0000] "GET /api/v1/book/62062054d9520c4dec032267 HTTP/1.1" 500 54 "-" "PostmanRuntime/7.28.4"

info: ::1 - - [11/Feb/2022:12:05:21 +0000] "GET /api/v1/book/62062054d9520c4dec032267 HTTP/1.1" 500 54 "-" "PostmanRuntime/7.28.4"

info: ::1 - - [11/Feb/2022:12:05:38 +0000] "GET /api/v1/book/getbook HTTP/1.1" 200 496 "-" "PostmanRuntime/7.28.4"

info: ::1 - - [11/Feb/2022:12:06:04 +0000] "GET /api/v1/book/62062054d9520c4dec032267 HTTP/1.1" 500 54 "-" "PostmanRuntime/7.28.4"

info: ::1 - - [11/Feb/2022:12:06:19 +0000] "GET /api/v1/book/62062054d9520c4dec032267 HTTP/1.1" 500 54 "-" "PostmanRuntime/7.28.4"

info: ::1 - - [11/Feb/2022:12:07:17 +0000] "GET /api/v1/book/620650a2455c181d9c16eab2 HTTP/1.1" 500 54 "-" "PostmanRuntime/7.28.4"

info: ::1 - - [11/Feb/2022:12:07:30 +0000] "GET /api/v1/book/620650a2455c181d9c16eab2 HTTP/1.1" 500 54 "-" "PostmanRuntime/7.28.4"

info: ::1 - - [11/Feb/2022:12:08:42 +0000] "GET /api/v1/book/addbook HTTP/1.1" 500 54 "-" "PostmanRuntime/7.28.4"

info: ::1 - - [11/Feb/2022:12:08:43 +0000] "GET /api/v1/book/addbook HTTP/1.1" 500 54 "-" "PostmanRuntime/7.28.4"

info: ::1 - - [11/Feb/2022:12:09:30 +0000] "GET /api/v1/search/Good%20life HTTP/1.1" 400 56 "-" "PostmanRuntime/7.28.4"

info: ::1 - - [11/Feb/2022:12:09:44 +0000] "GET /api/v1/search/Good%20life HTTP/1.1" 500 52 "-" "PostmanRuntime/7.28.4"

info: ::1 - - [11/Feb/2022:12:10:33 +0000] "GET /api/v1/search/Good%20life HTTP/1.1" 500 68 "-" "PostmanRuntime/7.28.4"

info: ::1 - - [11/Feb/2022:12:11:05 +0000] "GET /api/v1/search/Good%20life HTTP/1.1" 500 68 "-" "PostmanRuntime/7.28.4"

info: ::1 - - [11/Feb/2022:12:12:36 +0000] "GET /api/v1/book/620650a2455c181d9c16eab2 HTTP/1.1" 500 54 "-" "PostmanRuntime/7.28.4"

info: ::1 - - [11/Feb/2022:12:13:41 +0000] "GET /api/v1/book/620650a2455c181d9c16eab2 HTTP/1.1" 500 54 "-" "PostmanRuntime/7.28.4"

info: ::1 - - [11/Feb/2022:12:13:46 +0000] "GET /api/v1/book/620650a2455c181d9c16eab2 HTTP/1.1" 500 54 "-" "PostmanRuntime/7.28.4"

info: ::1 - - [11/Feb/2022:12:15:05 +0000] "GET /api/v1/book/620650a2455c181d9c16eab2 HTTP/1.1" 500 54 "-" "PostmanRuntime/7.28.4"

info: ::1 - - [11/Feb/2022:13:35:43 +0000] "GET /api/v1/book/:id HTTP/1.1" 500 54 "-" "PostmanRuntime/7.28.4"

info: ::1 - - [11/Feb/2022:13:35:58 +0000] "GET /api/v1/book/620650a2455c181d9c16eab2 HTTP/1.1" 500 54 "-" "PostmanRuntime/7.28.4"

info: ::1 - - [11/Feb/2022:13:36:00 +0000] "GET /api/v1/book/620650a2455c181d9c16eab2 HTTP/1.1" 500 54 "-" "PostmanRuntime/7.28.4"

info: ::1 - - [11/Feb/2022:13:36:05 +0000] "GET /api/v1/book/620650a2455c181d9c16eab2 HTTP/1.1" 500 54 "-" "PostmanRuntime/7.28.4"

info: ::1 - - [11/Feb/2022:13:36:22 +0000] "GET /api/v1/book/620650a2455c181d9c16eab2 HTTP/1.1" 500 54 "-" "PostmanRuntime/7.28.4"

info: ::1 - - [11/Feb/2022:13:36:33 +0000] "GET /api/v1/book/620650a2455c181d9c16eab2 HTTP/1.1" 500 54 "-" "PostmanRuntime/7.28.4"

info: ::1 - - [11/Feb/2022:13:36:34 +0000] "GET /api/v1/book/620650a2455c181d9c16eab2 HTTP/1.1" 500 54 "-" "PostmanRuntime/7.28.4"

info: ::1 - - [11/Feb/2022:13:40:13 +0000] "GET /api/v1/book/620650a2455c181d9c16eab2 HTTP/1.1" 500 54 "-" "PostmanRuntime/7.28.4"

info: ::1 - - [11/Feb/2022:13:40:32 +0000] "GET /api/v1/search/Good%20life HTTP/1.1" 500 68 "-" "PostmanRuntime/7.28.4"

info: ::1 - - [11/Feb/2022:13:41:33 +0000] "GET /api/v1/book/620650a2455c181d9c16eab2 HTTP/1.1" 500 54 "-" "PostmanRuntime/7.28.4"

info: ::1 - - [11/Feb/2022:13:41:51 +0000] "GET /api/v1/book/620650a2455c181d9c16eab2 HTTP/1.1" 500 54 "-" "PostmanRuntime/7.28.4"

info: ::1 - - [11/Feb/2022:13:42:20 +0000] "GET /api/v1/book/620650a2455c181d9c16eab2 HTTP/1.1" 500 54 "-" "PostmanRuntime/7.28.4"

info: ::1 - - [11/Feb/2022:13:42:34 +0000] "GET /api/v1/book/620650a2455c181d9c16eab2 HTTP/1.1" 500 54 "-" "PostmanRuntime/7.28.4"

info: ::1 - - [11/Feb/2022:13:42:50 +0000] "GET /api/v1/book/620650a2455c181d9c16eab2 HTTP/1.1" 500 54 "-" "PostmanRuntime/7.28.4"

info: ::1 - - [11/Feb/2022:13:44:36 +0000] "GET /api/v1/book/620650a2455c181d9c16eab2 HTTP/1.1" 500 54 "-" "PostmanRuntime/7.28.4"

info: ::1 - - [11/Feb/2022:13:44:43 +0000] "GET /api/v1/book/620650a2455c181d9c16eab2 HTTP/1.1" 500 54 "-" "PostmanRuntime/7.28.4"

info: ::1 - - [11/Feb/2022:13:45:37 +0000] "GET /api/v1/book/620650a2455c181d9c16eab2 HTTP/1.1" 500 54 "-" "PostmanRuntime/7.28.4"

info: ::1 - - [11/Feb/2022:13:47:55 +0000] "GET /api/v1/book/getbook HTTP/1.1" 200 496 "-" "PostmanRuntime/7.28.4"

info: ::1 - - [11/Feb/2022:13:49:54 +0000] "GET /api/v1/book/getbookbyid HTTP/1.1" 500 54 "-" "PostmanRuntime/7.28.4"

info: ::1 - - [11/Feb/2022:13:50:34 +0000] "GET /api/v1/book/getbookbyid HTTP/1.1" 500 54 "-" "PostmanRuntime/7.28.4"

info: ::1 - - [11/Feb/2022:13:51:02 +0000] "GET /api/v1/book/getbookbyid HTTP/1.1" 500 54 "-" "PostmanRuntime/7.28.4"

info: ::1 - - [11/Feb/2022:13:52:19 +0000] "GET /api/v1/book/getbookbyid?_id=62062054d9520c4dec032267 HTTP/1.1" 500 54 "-" "PostmanRuntime/7.28.4"

info: ::1 - - [11/Feb/2022:13:52:38 +0000] "GET /api/v1/book/getbookbyid?_id=62062054d9520c4dec032267 HTTP/1.1" 500 54 "-" "PostmanRuntime/7.28.4"

info: ::1 - - [11/Feb/2022:13:56:00 +0000] "GET /api/v1/book/getbookbyid HTTP/1.1" 500 54 "-" "PostmanRuntime/7.28.4"

info: ::1 - - [11/Feb/2022:13:56:29 +0000] "GET /api/v1/book/getbookbyid?id=62062054d9520c4dec032267 HTTP/1.1" 500 54 "-" "PostmanRuntime/7.28.4"

info: ::1 - - [11/Feb/2022:14:01:46 +0000] "GET /api/v1/book/getbookbyid:id=62062054d9520c4dec032267 HTTP/1.1" 404 47 "-" "PostmanRuntime/7.28.4"

info: ::1 - - [11/Feb/2022:14:02:16 +0000] "GET /api/v1/book/getbookbyid?id=62062054d9520c4dec032267 HTTP/1.1" 500 54 "-" "PostmanRuntime/7.28.4"

info: ::1 - - [11/Feb/2022:14:02:23 +0000] "GET /api/v1/book/getbookbyid?:id=62062054d9520c4dec032267 HTTP/1.1" 500 54 "-" "PostmanRuntime/7.28.4"

info: ::1 - - [11/Feb/2022:14:05:20 +0000] "GET /api/v1/book/getbookbyid?id=62062054d9520c4dec032267 HTTP/1.1" 500 54 "-" "PostmanRuntime/7.28.4"

info: ::1 - - [11/Feb/2022:14:05:40 +0000] "GET /api/v1/book/getbookbyid?id=62062054d9520c4dec032267 HTTP/1.1" 500 54 "-" "PostmanRuntime/7.28.4"

info: ::1 - - [11/Feb/2022:14:06:49 +0000] "GET /api/v1/book/getbookbyid/62062054d9520c4dec032267 HTTP/1.1" 404 47 "-" "PostmanRuntime/7.28.4"

info: ::1 - - [11/Feb/2022:14:08:12 +0000] "GET /api/v1/book/getbookbyid/62062054d9520c4dec032267 HTTP/1.1" 200 280 "-" "PostmanRuntime/7.28.4"

info: ::1 - - [11/Feb/2022:14:08:18 +0000] "GET /api/v1/search/Good%20life HTTP/1.1" 500 68 "-" "PostmanRuntime/7.28.4"

info: ::1 - - [11/Feb/2022:14:08:30 +0000] "GET /api/v1/search/Good%20life HTTP/1.1" 500 68 "-" "PostmanRuntime/7.28.4"

info: ::1 - - [11/Feb/2022:14:10:54 +0000] "GET /api/v1/search/Good%20life HTTP/1.1" 500 68 "-" "PostmanRuntime/7.28.4"

info: ::1 - - [11/Feb/2022:14:11:19 +0000] "GET /api/v1/search/Good%20life HTTP/1.1" 404 47 "-" "PostmanRuntime/7.28.4"

info: ::1 - - [11/Feb/2022:14:11:50 +0000] "GET /api/v1/search/Good%20life HTTP/1.1" 404 47 "-" "PostmanRuntime/7.28.4"

info: ::1 - - [11/Feb/2022:14:12:08 +0000] "GET /api/v1/Good%20life HTTP/1.1" 404 47 "-" "PostmanRuntime/7.28.4"

info: ::1 - - [11/Feb/2022:14:12:15 +0000] "GET /api/v1/book/Good%20life HTTP/1.1" 500 68 "-" "PostmanRuntime/7.28.4"

info: ::1 - - [11/Feb/2022:14:12:17 +0000] "GET /api/v1/book/Good%20life HTTP/1.1" 500 68 "-" "PostmanRuntime/7.28.4"

info: ::1 - - [11/Feb/2022:14:17:47 +0000] "PUT /api/v1/book/updatebookbyid/62062054d9520c4dec032267 HTTP/1.1" 404 47 "-" "PostmanRuntime/7.28.4"

info: ::1 - - [11/Feb/2022:14:20:39 +0000] "PUT /api/v1/book/updatebookbyid/62062054d9520c4dec032267 HTTP/1.1" 404 47 "-" "PostmanRuntime/7.28.4"

info: ::1 - - [11/Feb/2022:14:22:18 +0000] "POST /api/v1/book/addbook HTTP/1.1" 201 300 "-" "PostmanRuntime/7.28.4"

info: ::1 - - [11/Feb/2022:14:23:27 +0000] "PUT /api/v1/book/updatebookbyid/62062054d9520c4dec032267 HTTP/1.1" 404 47 "-" "PostmanRuntime/7.28.4"

info: ::1 - - [11/Feb/2022:14:26:27 +0000] "PUT /api/v1/book/updatebookbyid/62062054d9520c4dec032267 HTTP/1.1" 500 88 "-" "PostmanRuntime/7.28.4"

info: ::1 - - [11/Feb/2022:14:27:57 +0000] "PUT /api/v1/book/updatebookbyid/62062054d9520c4dec032267 HTTP/1.1" 400 56 "-" "PostmanRuntime/7.28.4"

info: ::1 - - [11/Feb/2022:14:28:24 +0000] "PUT /api/v1/book/updatebookbyid/62062054d9520c4dec032267 HTTP/1.1" 500 52 "-" "PostmanRuntime/7.28.4"

info: ::1 - - [11/Feb/2022:14:34:13 +0000] "PUT /api/v1/book/updatebookbyid/:id HTTP/1.1" 500 52 "-" "PostmanRuntime/7.28.4"

info: ::1 - - [11/Feb/2022:14:35:36 +0000] "PUT /api/v1/book/updatebookbyid/620650a2455c181d9c16eab2 HTTP/1.1" 500 54 "-" "PostmanRuntime/7.28.4"

info: ::1 - - [11/Feb/2022:14:36:06 +0000] "PUT /api/v1/book/updatebookbyid/62062054d9520c4dec032267 HTTP/1.1" 500 54 "-" "PostmanRuntime/7.28.4"

info: ::1 - - [11/Feb/2022:14:36:29 +0000] "PUT /api/v1/book/updatebookbyid/620671196de5b627a034126b HTTP/1.1" 500 54 "-" "PostmanRuntime/7.28.4"

info: ::1 - - [11/Feb/2022:14:37:22 +0000] "PUT /api/v1/book/updatebookbyid/620671196de5b627a034126b HTTP/1.1" 500 54 "-" "PostmanRuntime/7.28.4"

info: ::1 - - [11/Feb/2022:14:37:24 +0000] "PUT /api/v1/book/updatebookbyid/620671196de5b627a034126b HTTP/1.1" 500 54 "-" "PostmanRuntime/7.28.4"

info: ::1 - - [11/Feb/2022:14:37:26 +0000] "PUT /api/v1/book/updatebookbyid/620671196de5b627a034126b HTTP/1.1" 500 54 "-" "PostmanRuntime/7.28.4"

info: ::1 - - [11/Feb/2022:14:39:17 +0000] "GET /api/v1/book/getbook HTTP/1.1" 200 722 "-" "PostmanRuntime/7.28.4"

info: ::1 - - [11/Feb/2022:14:39:48 +0000] "GET /api/v1/book/getbookbyid/%20620671196de5b627a034126b%0A HTTP/1.1" 500 150 "-" "PostmanRuntime/7.28.4"

info: ::1 - - [11/Feb/2022:14:40:03 +0000] "GET /api/v1/book/getbookbyid/%20620671196de5b627a034126b HTTP/1.1" 500 147 "-" "PostmanRuntime/7.28.4"

info: ::1 - - [11/Feb/2022:14:41:46 +0000] "GET /api/v1/book/getbookbyid/%20620671196de5b627a034126b HTTP/1.1" 500 147 "-" "PostmanRuntime/7.28.4"

info: ::1 - - [11/Feb/2022:14:42:02 +0000] "GET /api/v1/book/getbookbyid/620671196de5b627a034126b HTTP/1.1" 200 287 "-" "PostmanRuntime/7.28.4"

info: ::1 - - [11/Feb/2022:14:42:30 +0000] "PUT /api/v1/book/updatebookbyid/620671196de5b627a034126b HTTP/1.1" 200 310 "-" "PostmanRuntime/7.28.4"

info: ::1 - - [11/Feb/2022:14:42:51 +0000] "GET /api/v1/book/Good%20life HTTP/1.1" 200 520 "-" "PostmanRuntime/7.28.4"

info: ::1 - - [11/Feb/2022:14:44:22 +0000] "DELETE /api/v1/book/deletebookbyid/620671196de5b627a034126b HTTP/1.1" 500 88 "-" "PostmanRuntime/7.28.4"

info: ::1 - - [11/Feb/2022:14:45:50 +0000] "DELETE /api/v1/book/deletebookbyid/620671196de5b627a034126b HTTP/1.1" 500 83 "-" "PostmanRuntime/7.28.4"

info: ::1 - - [11/Feb/2022:14:46:31 +0000] "DELETE /api/v1/book/deletebookbyid/620671196de5b627a034126b HTTP/1.1" 500 83 "-" "PostmanRuntime/7.28.4"

info: ::1 - - [11/Feb/2022:14:47:25 +0000] "DELETE /api/v1/book/deletebookbyid/620671196de5b627a034126b HTTP/1.1" 200 310 "-" "PostmanRuntime/7.28.4"

