info: Server started at http://localhost:3000/api/v1/ {"timestamp":"2022-02-09T11:41:06.228Z"}
info: Connected to the database. {"timestamp":"2022-02-09T11:41:09.005Z"}
error: 
    status - 500 
    message - ValidationError: "firstName" is required 
    url - /api/v1/users/user 
    method - POST 
    IP - ::1
   {"timestamp":"2022-02-09T11:42:49.460Z"}
error: 
    status - 500 
    message - ReferenceError: bcrypt is not defined
    at _callee$ (C:\Users\ALANKRITHA\Books\book-store\src\services\/user.service.js:6:29)
    at tryCatch (C:\Users\ALANKRITHA\Books\book-store\node_modules\regenerator-runtime\runtime.js:63:40)
    at Generator.invoke [as _invoke] (C:\Users\ALANKRITHA\Books\book-store\node_modules\regenerator-runtime\runtime.js:294:22)
    at Generator.next (C:\Users\ALANKRITHA\Books\book-store\node_modules\regenerator-runtime\runtime.js:119:21)
    at asyncGeneratorStep (C:\Users\ALANKRITHA\Books\book-store\node_modules\@babel\runtime\helpers\asyncToGenerator.js:3:24)
    at _next (C:\Users\ALANKRITHA\Books\book-store\node_modules\@babel\runtime\helpers\asyncToGenerator.js:25:9)
    at C:\Users\ALANKRITHA\Books\book-store\node_modules\@babel\runtime\helpers\asyncToGenerator.js:32:7
    at new Promise (<anonymous>)
    at Object.<anonymous> (C:\Users\ALANKRITHA\Books\book-store\node_modules\@babel\runtime\helpers\asyncToGenerator.js:21:12)
    at Object.registration (C:\Users\ALANKRITHA\Books\book-store\src\services\/user.service.js:6:26)
    at _callee$ (C:\Users\ALANKRITHA\Books\book-store\src\controllers\/user.controller.js:11:36)
    at tryCatch (C:\Users\ALANKRITHA\Books\book-store\node_modules\regenerator-runtime\runtime.js:63:40)
    at Generator.invoke [as _invoke] (C:\Users\ALANKRITHA\Books\book-store\node_modules\regenerator-runtime\runtime.js:294:22)
    at Generator.next (C:\Users\ALANKRITHA\Books\book-store\node_modules\regenerator-runtime\runtime.js:119:21)
    at asyncGeneratorStep (C:\Users\ALANKRITHA\Books\book-store\node_modules\@babel\runtime\helpers\asyncToGenerator.js:3:24)
    at _next (C:\Users\ALANKRITHA\Books\book-store\node_modules\@babel\runtime\helpers\asyncToGenerator.js:25:9) 
    url - /api/v1/users/user 
    method - POST 
    IP - ::1
   {"timestamp":"2022-02-09T11:45:48.553Z"}
info: Server started at http://localhost:3000/api/v1/ {"timestamp":"2022-02-09T13:39:54.468Z"}
info: Connected to the database. {"timestamp":"2022-02-09T13:39:57.526Z"}
error: 
    status - 500 
    message - ValidationError: "firstName" is required 
    url - /api/v1/users/admin 
    method - POST 
    IP - ::1
   {"timestamp":"2022-02-09T13:42:12.622Z"}
error: 
    status - 500 
    message - Error: secretOrPrivateKey must have a value
    at Object.sign (C:\Users\ALANKRITHA\Books\book-store\node_modules\jsonwebtoken\sign.js:107:20)
    at _callee2$ (C:\Users\ALANKRITHA\Books\book-store\src\services\/user.service.js:25:21)
    at tryCatch (C:\Users\ALANKRITHA\Books\book-store\node_modules\regenerator-runtime\runtime.js:63:40)
    at Generator.invoke [as _invoke] (C:\Users\ALANKRITHA\Books\book-store\node_modules\regenerator-runtime\runtime.js:294:22)
    at Generator.next (C:\Users\ALANKRITHA\Books\book-store\node_modules\regenerator-runtime\runtime.js:119:21)
    at asyncGeneratorStep (C:\Users\ALANKRITHA\Books\book-store\node_modules\@babel\runtime\helpers\asyncToGenerator.js:3:24)
    at _next (C:\Users\ALANKRITHA\Books\book-store\node_modules\@babel\runtime\helpers\asyncToGenerator.js:25:9)
    at processTicksAndRejections (node:internal/process/task_queues:96:5) 
    url - /api/v1/users/login 
    method - POST 
    IP - ::1
   {"timestamp":"2022-02-09T13:44:42.719Z"}
error: 
    status - 500 
    message - ValidationError: "role" is not allowed 
    url - /api/v1/users/login 
    method - POST 
    IP - ::1
   {"timestamp":"2022-02-09T13:45:26.755Z"}
error: 
    status - 500 
    message - ValidationError: "_id" is not allowed 
    url - /api/v1/users/login 
    method - POST 
    IP - ::1
   {"timestamp":"2022-02-09T13:46:01.879Z"}
error: 
    status - 500 
    message - Error: secretOrPrivateKey must have a value
    at Object.sign (C:\Users\ALANKRITHA\Books\book-store\node_modules\jsonwebtoken\sign.js:107:20)
    at _callee2$ (C:\Users\ALANKRITHA\Books\book-store\src\services\/user.service.js:25:21)
    at tryCatch (C:\Users\ALANKRITHA\Books\book-store\node_modules\regenerator-runtime\runtime.js:63:40)
    at Generator.invoke [as _invoke] (C:\Users\ALANKRITHA\Books\book-store\node_modules\regenerator-runtime\runtime.js:294:22)
    at Generator.next (C:\Users\ALANKRITHA\Books\book-store\node_modules\regenerator-runtime\runtime.js:119:21)
    at asyncGeneratorStep (C:\Users\ALANKRITHA\Books\book-store\node_modules\@babel\runtime\helpers\asyncToGenerator.js:3:24)
    at _next (C:\Users\ALANKRITHA\Books\book-store\node_modules\@babel\runtime\helpers\asyncToGenerator.js:25:9)
    at processTicksAndRejections (node:internal/process/task_queues:96:5) 
    url - /api/v1/users/login 
    method - POST 
    IP - ::1
   {"timestamp":"2022-02-09T13:46:17.109Z"}
info: Server started at http://localhost:3000/api/v1/ {"timestamp":"2022-02-09T13:55:25.842Z"}
info: Connected to the database. {"timestamp":"2022-02-09T13:55:28.754Z"}
error: 
    status - 500 
    message - Error: secretOrPrivateKey must have a value
    at Object.sign (C:\Users\ALANKRITHA\Books\book-store\node_modules\jsonwebtoken\sign.js:107:20)
    at _callee2$ (C:\Users\ALANKRITHA\Books\book-store\src\services\/user.service.js:25:21)
    at tryCatch (C:\Users\ALANKRITHA\Books\book-store\node_modules\regenerator-runtime\runtime.js:63:40)
    at Generator.invoke [as _invoke] (C:\Users\ALANKRITHA\Books\book-store\node_modules\regenerator-runtime\runtime.js:294:22)
    at Generator.next (C:\Users\ALANKRITHA\Books\book-store\node_modules\regenerator-runtime\runtime.js:119:21)
    at asyncGeneratorStep (C:\Users\ALANKRITHA\Books\book-store\node_modules\@babel\runtime\helpers\asyncToGenerator.js:3:24)
    at _next (C:\Users\ALANKRITHA\Books\book-store\node_modules\@babel\runtime\helpers\asyncToGenerator.js:25:9)
    at processTicksAndRejections (node:internal/process/task_queues:96:5) 
    url - /api/v1/users/login 
    method - POST 
    IP - ::1
   {"timestamp":"2022-02-09T13:55:34.767Z"}
info: Server started at http://localhost:3000/api/v1/ {"timestamp":"2022-02-09T13:56:33.620Z"}
info: Connected to the database. {"timestamp":"2022-02-09T13:56:36.800Z"}
