error: uncaughtException: listen EADDRINUSE: address already in use :::3000
Error: listen EADDRINUSE: address already in use :::3000
    at Server.setupListenHandle [as _listen2] (node:net:1334:16)
    at listenInCluster (node:net:1382:12)
    at Server.listen (node:net:1469:7)
    at Function.listen (C:\Users\ALANKRITHA\Books\book-store\node_modules\express\lib\application.js:618:24)
    at Object.<anonymous> (C:\Users\ALANKRITHA\Books\book-store\build\index.js:54:5)
    at Module._compile (node:internal/modules/cjs/loader:1101:14)
    at Object.Module._extensions..js (node:internal/modules/cjs/loader:1153:10)
    at Module.load (node:internal/modules/cjs/loader:981:32)
    at Function.Module._load (node:internal/modules/cjs/loader:822:12)
    at Function.executeUserEntryPoint [as runMain] (node:internal/modules/run_main:81:12)
    at node:internal/main/run_main_module:17:47 {"date":"Wed Feb 09 2022 17:01:22 GMT+0530 (India Standard Time)","error":{"address":"::","code":"EADDRINUSE","errno":-4091,"port":3000,"syscall":"listen"},"exception":true,"os":{"loadavg":[0,0,0],"uptime":1036849},"process":{"argv":["C:\\Program Files\\nodejs\\node.exe","C:\\Users\\ALANKRITHA\\Books\\book-store\\build\\index.js"],"cwd":"C:\\Users\\ALANKRITHA\\Books\\book-store","execPath":"C:\\Program Files\\nodejs\\node.exe","gid":null,"memoryUsage":{"arrayBuffers":18965399,"external":23237565,"heapTotal":37601280,"heapUsed":27256768,"rss":67227648},"pid":21100,"uid":null,"version":"v16.13.1"},"stack":"Error: listen EADDRINUSE: address already in use :::3000\n    at Server.setupListenHandle [as _listen2] (node:net:1334:16)\n    at listenInCluster (node:net:1382:12)\n    at Server.listen (node:net:1469:7)\n    at Function.listen (C:\\Users\\ALANKRITHA\\Books\\book-store\\node_modules\\express\\lib\\application.js:618:24)\n    at Object.<anonymous> (C:\\Users\\ALANKRITHA\\Books\\book-store\\build\\index.js:54:5)\n    at Module._compile (node:internal/modules/cjs/loader:1101:14)\n    at Object.Module._extensions..js (node:internal/modules/cjs/loader:1153:10)\n    at Module.load (node:internal/modules/cjs/loader:981:32)\n    at Function.Module._load (node:internal/modules/cjs/loader:822:12)\n    at Function.executeUserEntryPoint [as runMain] (node:internal/modules/run_main:81:12)\n    at node:internal/main/run_main_module:17:47","trace":[{"column":16,"file":"node:net","function":"Server.setupListenHandle [as _listen2]","line":1334,"method":"setupListenHandle [as _listen2]","native":false},{"column":12,"file":"node:net","function":"listenInCluster","line":1382,"method":null,"native":false},{"column":7,"file":"node:net","function":"Server.listen","line":1469,"method":"listen","native":false},{"column":24,"file":"C:\\Users\\ALANKRITHA\\Books\\book-store\\node_modules\\express\\lib\\application.js","function":"Function.listen","line":618,"method":"listen","native":false},{"column":5,"file":"C:\\Users\\ALANKRITHA\\Books\\book-store\\build\\index.js","function":null,"line":54,"method":null,"native":false},{"column":14,"file":"node:internal/modules/cjs/loader","function":"Module._compile","line":1101,"method":"_compile","native":false},{"column":10,"file":"node:internal/modules/cjs/loader","function":"Module._extensions..js","line":1153,"method":".js","native":false},{"column":32,"file":"node:internal/modules/cjs/loader","function":"Module.load","line":981,"method":"load","native":false},{"column":12,"file":"node:internal/modules/cjs/loader","function":"Module._load","line":822,"method":"_load","native":false},{"column":12,"file":"node:internal/modules/run_main","function":"Function.executeUserEntryPoint [as runMain]","line":81,"method":"executeUserEntryPoint [as runMain]","native":false},{"column":47,"file":"node:internal/main/run_main_module","function":null,"line":17,"method":null,"native":false}]}
info: ::1 - - [09/Feb/2022:11:42:49 +0000] "POST /api/v1/users/user HTTP/1.1" 500 60 "-" "PostmanRuntime/7.29.0"

info: ::1 - - [09/Feb/2022:11:45:48 +0000] "POST /api/v1/users/user HTTP/1.1" 500 56 "-" "PostmanRuntime/7.29.0"

info: ::1 - - [09/Feb/2022:13:40:24 +0000] "POST /api/v1/users/user HTTP/1.1" 201 361 "-" "PostmanRuntime/7.29.0"

info: ::1 - - [09/Feb/2022:13:42:12 +0000] "POST /api/v1/users/admin HTTP/1.1" 500 60 "-" "PostmanRuntime/7.29.0"

info: ::1 - - [09/Feb/2022:13:43:08 +0000] "POST /api/v1/users/admin HTTP/1.1" 201 373 "-" "PostmanRuntime/7.29.0"

info: ::1 - - [09/Feb/2022:13:44:42 +0000] "POST /api/v1/users/login HTTP/1.1" 500 71 "-" "PostmanRuntime/7.29.0"

info: ::1 - - [09/Feb/2022:13:45:26 +0000] "POST /api/v1/users/login HTTP/1.1" 500 58 "-" "PostmanRuntime/7.29.0"

info: ::1 - - [09/Feb/2022:13:46:01 +0000] "POST /api/v1/users/login HTTP/1.1" 500 57 "-" "PostmanRuntime/7.29.0"

info: ::1 - - [09/Feb/2022:13:46:17 +0000] "POST /api/v1/users/login HTTP/1.1" 500 71 "-" "PostmanRuntime/7.29.0"

info: ::1 - - [09/Feb/2022:13:55:34 +0000] "POST /api/v1/users/login HTTP/1.1" 500 71 "-" "PostmanRuntime/7.29.0"

info: ::1 - - [09/Feb/2022:13:56:42 +0000] "POST /api/v1/users/login HTTP/1.1" 200 366 "-" "PostmanRuntime/7.29.0"

info: ::1 - - [10/Feb/2022:06:24:32 +0000] "POST /api/v1/users/user HTTP/1.1" 201 361 "-" "PostmanRuntime/7.29.0"

info: ::1 - - [10/Feb/2022:06:24:49 +0000] "POST /api/v1/users/admin HTTP/1.1" 201 375 "-" "PostmanRuntime/7.29.0"

info: ::1 - - [10/Feb/2022:06:24:57 +0000] "POST /api/v1/users/login HTTP/1.1" 200 366 "-" "PostmanRuntime/7.29.0"

info: ::1 - - [10/Feb/2022:11:06:35 +0000] "POST /api/v1/book/ HTTP/1.1" 404 47 "-" "PostmanRuntime/7.29.0"

info: ::1 - - [10/Feb/2022:11:07:38 +0000] "POST /api/v1/book/addbook HTTP/1.1" 404 47 "-" "PostmanRuntime/7.29.0"

info: ::1 - - [10/Feb/2022:11:10:50 +0000] "POST /api/v1/book/addbook HTTP/1.1" 404 47 "-" "PostmanRuntime/7.29.0"

info: ::1 - - [10/Feb/2022:11:10:53 +0000] "POST /api/v1/book/addbook HTTP/1.1" 404 47 "-" "PostmanRuntime/7.29.0"

info: ::1 - - [10/Feb/2022:11:14:02 +0000] "POST /api/v1/book/user/addbook HTTP/1.1" 404 47 "-" "PostmanRuntime/7.29.0"

info: ::1 - - [10/Feb/2022:11:14:09 +0000] "POST /api/v1/book/user/addbook HTTP/1.1" 404 47 "-" "PostmanRuntime/7.29.0"

error: uncaughtException: bookRoute is not defined
ReferenceError: bookRoute is not defined
    at routes (C:\Users\ALANKRITHA\Books\book-store\build\routes\index.js:26:23)
    at Object.<anonymous> (C:\Users\ALANKRITHA\Books\book-store\build\index.js:50:61)
    at Module._compile (node:internal/modules/cjs/loader:1101:14)
    at Object.Module._extensions..js (node:internal/modules/cjs/loader:1153:10)
    at Module.load (node:internal/modules/cjs/loader:981:32)
    at Function.Module._load (node:internal/modules/cjs/loader:822:12)
    at Function.executeUserEntryPoint [as runMain] (node:internal/modules/run_main:81:12)
    at node:internal/main/run_main_module:17:47 {"date":"Fri Feb 11 2022 11:18:48 GMT+0530 (India Standard Time)","error":{},"exception":true,"os":{"loadavg":[0,0,0],"uptime":1858},"process":{"argv":["C:\\Program Files\\nodejs\\node.exe","C:\\Users\\ALANKRITHA\\Books\\book-store\\build\\index.js"],"cwd":"C:\\Users\\ALANKRITHA\\Books\\book-store","execPath":"C:\\Program Files\\nodejs\\node.exe","gid":null,"memoryUsage":{"arrayBuffers":18732027,"external":20049464,"heapTotal":56475648,"heapUsed":26800336,"rss":67887104},"pid":9264,"uid":null,"version":"v16.13.1"},"stack":"ReferenceError: bookRoute is not defined\n    at routes (C:\\Users\\ALANKRITHA\\Books\\book-store\\build\\routes\\index.js:26:23)\n    at Object.<anonymous> (C:\\Users\\ALANKRITHA\\Books\\book-store\\build\\index.js:50:61)\n    at Module._compile (node:internal/modules/cjs/loader:1101:14)\n    at Object.Module._extensions..js (node:internal/modules/cjs/loader:1153:10)\n    at Module.load (node:internal/modules/cjs/loader:981:32)\n    at Function.Module._load (node:internal/modules/cjs/loader:822:12)\n    at Function.executeUserEntryPoint [as runMain] (node:internal/modules/run_main:81:12)\n    at node:internal/main/run_main_module:17:47","trace":[{"column":23,"file":"C:\\Users\\ALANKRITHA\\Books\\book-store\\build\\routes\\index.js","function":"routes","line":26,"method":null,"native":false},{"column":61,"file":"C:\\Users\\ALANKRITHA\\Books\\book-store\\build\\index.js","function":null,"line":50,"method":null,"native":false},{"column":14,"file":"node:internal/modules/cjs/loader","function":"Module._compile","line":1101,"method":"_compile","native":false},{"column":10,"file":"node:internal/modules/cjs/loader","function":"Module._extensions..js","line":1153,"method":".js","native":false},{"column":32,"file":"node:internal/modules/cjs/loader","function":"Module.load","line":981,"method":"load","native":false},{"column":12,"file":"node:internal/modules/cjs/loader","function":"Module._load","line":822,"method":"_load","native":false},{"column":12,"file":"node:internal/modules/run_main","function":"Function.executeUserEntryPoint [as runMain]","line":81,"method":"executeUserEntryPoint [as runMain]","native":false},{"column":47,"file":"node:internal/main/run_main_module","function":null,"line":17,"method":null,"native":false}]}
error: uncaughtException: bookRoute is not defined
ReferenceError: bookRoute is not defined
    at routes (C:\Users\ALANKRITHA\Books\book-store\build\routes\index.js:26:23)
    at Object.<anonymous> (C:\Users\ALANKRITHA\Books\book-store\build\index.js:50:61)
    at Module._compile (node:internal/modules/cjs/loader:1101:14)
    at Object.Module._extensions..js (node:internal/modules/cjs/loader:1153:10)
    at Module.load (node:internal/modules/cjs/loader:981:32)
    at Function.Module._load (node:internal/modules/cjs/loader:822:12)
    at Function.executeUserEntryPoint [as runMain] (node:internal/modules/run_main:81:12)
    at node:internal/main/run_main_module:17:47 {"date":"Fri Feb 11 2022 11:25:28 GMT+0530 (India Standard Time)","error":{},"exception":true,"os":{"loadavg":[0,0,0],"uptime":2258},"process":{"argv":["C:\\Program Files\\nodejs\\node.exe","C:\\Users\\ALANKRITHA\\Books\\book-store\\build\\index.js"],"cwd":"C:\\Users\\ALANKRITHA\\Books\\book-store","execPath":"C:\\Program Files\\nodejs\\node.exe","gid":null,"memoryUsage":{"arrayBuffers":18747452,"external":24797408,"heapTotal":56475648,"heapUsed":27008784,"rss":67792896},"pid":16484,"uid":null,"version":"v16.13.1"},"stack":"ReferenceError: bookRoute is not defined\n    at routes (C:\\Users\\ALANKRITHA\\Books\\book-store\\build\\routes\\index.js:26:23)\n    at Object.<anonymous> (C:\\Users\\ALANKRITHA\\Books\\book-store\\build\\index.js:50:61)\n    at Module._compile (node:internal/modules/cjs/loader:1101:14)\n    at Object.Module._extensions..js (node:internal/modules/cjs/loader:1153:10)\n    at Module.load (node:internal/modules/cjs/loader:981:32)\n    at Function.Module._load (node:internal/modules/cjs/loader:822:12)\n    at Function.executeUserEntryPoint [as runMain] (node:internal/modules/run_main:81:12)\n    at node:internal/main/run_main_module:17:47","trace":[{"column":23,"file":"C:\\Users\\ALANKRITHA\\Books\\book-store\\build\\routes\\index.js","function":"routes","line":26,"method":null,"native":false},{"column":61,"file":"C:\\Users\\ALANKRITHA\\Books\\book-store\\build\\index.js","function":null,"line":50,"method":null,"native":false},{"column":14,"file":"node:internal/modules/cjs/loader","function":"Module._compile","line":1101,"method":"_compile","native":false},{"column":10,"file":"node:internal/modules/cjs/loader","function":"Module._extensions..js","line":1153,"method":".js","native":false},{"column":32,"file":"node:internal/modules/cjs/loader","function":"Module.load","line":981,"method":"load","native":false},{"column":12,"file":"node:internal/modules/cjs/loader","function":"Module._load","line":822,"method":"_load","native":false},{"column":12,"file":"node:internal/modules/run_main","function":"Function.executeUserEntryPoint [as runMain]","line":81,"method":"executeUserEntryPoint [as runMain]","native":false},{"column":47,"file":"node:internal/main/run_main_module","function":null,"line":17,"method":null,"native":false}]}
error: uncaughtException: bookRoute is not defined
ReferenceError: bookRoute is not defined
    at routes (C:\Users\ALANKRITHA\Books\book-store\build\routes\index.js:26:23)
    at Object.<anonymous> (C:\Users\ALANKRITHA\Books\book-store\build\index.js:50:61)
    at Module._compile (node:internal/modules/cjs/loader:1101:14)
    at Object.Module._extensions..js (node:internal/modules/cjs/loader:1153:10)
    at Module.load (node:internal/modules/cjs/loader:981:32)
    at Function.Module._load (node:internal/modules/cjs/loader:822:12)
    at Function.executeUserEntryPoint [as runMain] (node:internal/modules/run_main:81:12)
    at node:internal/main/run_main_module:17:47 {"date":"Fri Feb 11 2022 11:46:18 GMT+0530 (India Standard Time)","error":{},"exception":true,"os":{"loadavg":[0,0,0],"uptime":3507},"process":{"argv":["C:\\Program Files\\nodejs\\node.exe","C:\\Users\\ALANKRITHA\\Books\\book-store\\build\\index.js"],"cwd":"C:\\Users\\ALANKRITHA\\Books\\book-store","execPath":"C:\\Program Files\\nodejs\\node.exe","gid":null,"memoryUsage":{"arrayBuffers":18747452,"external":24797408,"heapTotal":56475648,"heapUsed":26889880,"rss":67751936},"pid":7316,"uid":null,"version":"v16.13.1"},"stack":"ReferenceError: bookRoute is not defined\n    at routes (C:\\Users\\ALANKRITHA\\Books\\book-store\\build\\routes\\index.js:26:23)\n    at Object.<anonymous> (C:\\Users\\ALANKRITHA\\Books\\book-store\\build\\index.js:50:61)\n    at Module._compile (node:internal/modules/cjs/loader:1101:14)\n    at Object.Module._extensions..js (node:internal/modules/cjs/loader:1153:10)\n    at Module.load (node:internal/modules/cjs/loader:981:32)\n    at Function.Module._load (node:internal/modules/cjs/loader:822:12)\n    at Function.executeUserEntryPoint [as runMain] (node:internal/modules/run_main:81:12)\n    at node:internal/main/run_main_module:17:47","trace":[{"column":23,"file":"C:\\Users\\ALANKRITHA\\Books\\book-store\\build\\routes\\index.js","function":"routes","line":26,"method":null,"native":false},{"column":61,"file":"C:\\Users\\ALANKRITHA\\Books\\book-store\\build\\index.js","function":null,"line":50,"method":null,"native":false},{"column":14,"file":"node:internal/modules/cjs/loader","function":"Module._compile","line":1101,"method":"_compile","native":false},{"column":10,"file":"node:internal/modules/cjs/loader","function":"Module._extensions..js","line":1153,"method":".js","native":false},{"column":32,"file":"node:internal/modules/cjs/loader","function":"Module.load","line":981,"method":"load","native":false},{"column":12,"file":"node:internal/modules/cjs/loader","function":"Module._load","line":822,"method":"_load","native":false},{"column":12,"file":"node:internal/modules/run_main","function":"Function.executeUserEntryPoint [as runMain]","line":81,"method":"executeUserEntryPoint [as runMain]","native":false},{"column":47,"file":"node:internal/main/run_main_module","function":null,"line":17,"method":null,"native":false}]}
error: uncaughtException: bookRoute is not defined
ReferenceError: bookRoute is not defined
    at routes (C:\Users\ALANKRITHA\Books\book-store\build\routes\index.js:26:23)
    at Object.<anonymous> (C:\Users\ALANKRITHA\Books\book-store\build\index.js:50:61)
    at Module._compile (node:internal/modules/cjs/loader:1101:14)
    at Object.Module._extensions..js (node:internal/modules/cjs/loader:1153:10)
    at Module.load (node:internal/modules/cjs/loader:981:32)
    at Function.Module._load (node:internal/modules/cjs/loader:822:12)
    at Function.executeUserEntryPoint [as runMain] (node:internal/modules/run_main:81:12)
    at node:internal/main/run_main_module:17:47 {"date":"Fri Feb 11 2022 12:01:05 GMT+0530 (India Standard Time)","error":{},"exception":true,"os":{"loadavg":[0,0,0],"uptime":4394},"process":{"argv":["C:\\Program Files\\nodejs\\node.exe","C:\\Users\\ALANKRITHA\\Books\\book-store\\build\\index.js"],"cwd":"C:\\Users\\ALANKRITHA\\Books\\book-store","execPath":"C:\\Program Files\\nodejs\\node.exe","gid":null,"memoryUsage":{"arrayBuffers":18747452,"external":24797408,"heapTotal":56475648,"heapUsed":26914728,"rss":67678208},"pid":15808,"uid":null,"version":"v16.13.1"},"stack":"ReferenceError: bookRoute is not defined\n    at routes (C:\\Users\\ALANKRITHA\\Books\\book-store\\build\\routes\\index.js:26:23)\n    at Object.<anonymous> (C:\\Users\\ALANKRITHA\\Books\\book-store\\build\\index.js:50:61)\n    at Module._compile (node:internal/modules/cjs/loader:1101:14)\n    at Object.Module._extensions..js (node:internal/modules/cjs/loader:1153:10)\n    at Module.load (node:internal/modules/cjs/loader:981:32)\n    at Function.Module._load (node:internal/modules/cjs/loader:822:12)\n    at Function.executeUserEntryPoint [as runMain] (node:internal/modules/run_main:81:12)\n    at node:internal/main/run_main_module:17:47","trace":[{"column":23,"file":"C:\\Users\\ALANKRITHA\\Books\\book-store\\build\\routes\\index.js","function":"routes","line":26,"method":null,"native":false},{"column":61,"file":"C:\\Users\\ALANKRITHA\\Books\\book-store\\build\\index.js","function":null,"line":50,"method":null,"native":false},{"column":14,"file":"node:internal/modules/cjs/loader","function":"Module._compile","line":1101,"method":"_compile","native":false},{"column":10,"file":"node:internal/modules/cjs/loader","function":"Module._extensions..js","line":1153,"method":".js","native":false},{"column":32,"file":"node:internal/modules/cjs/loader","function":"Module.load","line":981,"method":"load","native":false},{"column":12,"file":"node:internal/modules/cjs/loader","function":"Module._load","line":822,"method":"_load","native":false},{"column":12,"file":"node:internal/modules/run_main","function":"Function.executeUserEntryPoint [as runMain]","line":81,"method":"executeUserEntryPoint [as runMain]","native":false},{"column":47,"file":"node:internal/main/run_main_module","function":null,"line":17,"method":null,"native":false}]}
error: uncaughtException: cartRoute is not defined
ReferenceError: cartRoute is not defined
    at routes (C:\Users\ALANKRITHA\Books\book-store\build\routes\index.js:29:23)
    at Object.<anonymous> (C:\Users\ALANKRITHA\Books\book-store\build\index.js:50:61)
    at Module._compile (node:internal/modules/cjs/loader:1101:14)
    at Object.Module._extensions..js (node:internal/modules/cjs/loader:1153:10)
    at Module.load (node:internal/modules/cjs/loader:981:32)
    at Function.Module._load (node:internal/modules/cjs/loader:822:12)
    at Function.executeUserEntryPoint [as runMain] (node:internal/modules/run_main:81:12)
    at node:internal/main/run_main_module:17:47 {"date":"Fri Feb 11 2022 12:21:31 GMT+0530 (India Standard Time)","error":{},"exception":true,"os":{"loadavg":[0,0,0],"uptime":5621},"process":{"argv":["C:\\Program Files\\nodejs\\node.exe","C:\\Users\\ALANKRITHA\\Books\\book-store\\build\\index.js"],"cwd":"C:\\Users\\ALANKRITHA\\Books\\book-store","execPath":"C:\\Program Files\\nodejs\\node.exe","gid":null,"memoryUsage":{"arrayBuffers":18755644,"external":24802206,"heapTotal":56475648,"heapUsed":27086536,"rss":67796992},"pid":12860,"uid":null,"version":"v16.13.1"},"stack":"ReferenceError: cartRoute is not defined\n    at routes (C:\\Users\\ALANKRITHA\\Books\\book-store\\build\\routes\\index.js:29:23)\n    at Object.<anonymous> (C:\\Users\\ALANKRITHA\\Books\\book-store\\build\\index.js:50:61)\n    at Module._compile (node:internal/modules/cjs/loader:1101:14)\n    at Object.Module._extensions..js (node:internal/modules/cjs/loader:1153:10)\n    at Module.load (node:internal/modules/cjs/loader:981:32)\n    at Function.Module._load (node:internal/modules/cjs/loader:822:12)\n    at Function.executeUserEntryPoint [as runMain] (node:internal/modules/run_main:81:12)\n    at node:internal/main/run_main_module:17:47","trace":[{"column":23,"file":"C:\\Users\\ALANKRITHA\\Books\\book-store\\build\\routes\\index.js","function":"routes","line":29,"method":null,"native":false},{"column":61,"file":"C:\\Users\\ALANKRITHA\\Books\\book-store\\build\\index.js","function":null,"line":50,"method":null,"native":false},{"column":14,"file":"node:internal/modules/cjs/loader","function":"Module._compile","line":1101,"method":"_compile","native":false},{"column":10,"file":"node:internal/modules/cjs/loader","function":"Module._extensions..js","line":1153,"method":".js","native":false},{"column":32,"file":"node:internal/modules/cjs/loader","function":"Module.load","line":981,"method":"load","native":false},{"column":12,"file":"node:internal/modules/cjs/loader","function":"Module._load","line":822,"method":"_load","native":false},{"column":12,"file":"node:internal/modules/run_main","function":"Function.executeUserEntryPoint [as runMain]","line":81,"method":"executeUserEntryPoint [as runMain]","native":false},{"column":47,"file":"node:internal/main/run_main_module","function":null,"line":17,"method":null,"native":false}]}
error: uncaughtException: cartRoute is not defined
ReferenceError: cartRoute is not defined
    at routes (C:\Users\ALANKRITHA\Books\book-store\build\routes\index.js:29:23)
    at Object.<anonymous> (C:\Users\ALANKRITHA\Books\book-store\build\index.js:50:61)
    at Module._compile (node:internal/modules/cjs/loader:1101:14)
    at Object.Module._extensions..js (node:internal/modules/cjs/loader:1153:10)
    at Module.load (node:internal/modules/cjs/loader:981:32)
    at Function.Module._load (node:internal/modules/cjs/loader:822:12)
    at Function.executeUserEntryPoint [as runMain] (node:internal/modules/run_main:81:12)
    at node:internal/main/run_main_module:17:47 {"date":"Fri Feb 11 2022 12:48:35 GMT+0530 (India Standard Time)","error":{},"exception":true,"os":{"loadavg":[0,0,0],"uptime":7245},"process":{"argv":["C:\\Program Files\\nodejs\\node.exe","C:\\Users\\ALANKRITHA\\Books\\book-store\\build\\index.js"],"cwd":"C:\\Users\\ALANKRITHA\\Books\\book-store","execPath":"C:\\Program Files\\nodejs\\node.exe","gid":null,"memoryUsage":{"arrayBuffers":18755644,"external":20863270,"heapTotal":56475648,"heapUsed":27323176,"rss":67563520},"pid":11276,"uid":null,"version":"v16.13.1"},"stack":"ReferenceError: cartRoute is not defined\n    at routes (C:\\Users\\ALANKRITHA\\Books\\book-store\\build\\routes\\index.js:29:23)\n    at Object.<anonymous> (C:\\Users\\ALANKRITHA\\Books\\book-store\\build\\index.js:50:61)\n    at Module._compile (node:internal/modules/cjs/loader:1101:14)\n    at Object.Module._extensions..js (node:internal/modules/cjs/loader:1153:10)\n    at Module.load (node:internal/modules/cjs/loader:981:32)\n    at Function.Module._load (node:internal/modules/cjs/loader:822:12)\n    at Function.executeUserEntryPoint [as runMain] (node:internal/modules/run_main:81:12)\n    at node:internal/main/run_main_module:17:47","trace":[{"column":23,"file":"C:\\Users\\ALANKRITHA\\Books\\book-store\\build\\routes\\index.js","function":"routes","line":29,"method":null,"native":false},{"column":61,"file":"C:\\Users\\ALANKRITHA\\Books\\book-store\\build\\index.js","function":null,"line":50,"method":null,"native":false},{"column":14,"file":"node:internal/modules/cjs/loader","function":"Module._compile","line":1101,"method":"_compile","native":false},{"column":10,"file":"node:internal/modules/cjs/loader","function":"Module._extensions..js","line":1153,"method":".js","native":false},{"column":32,"file":"node:internal/modules/cjs/loader","function":"Module.load","line":981,"method":"load","native":false},{"column":12,"file":"node:internal/modules/cjs/loader","function":"Module._load","line":822,"method":"_load","native":false},{"column":12,"file":"node:internal/modules/run_main","function":"Function.executeUserEntryPoint [as runMain]","line":81,"method":"executeUserEntryPoint [as runMain]","native":false},{"column":47,"file":"node:internal/main/run_main_module","function":null,"line":17,"method":null,"native":false}]}
error: uncaughtException: cartRoute is not defined
ReferenceError: cartRoute is not defined
    at routes (C:\Users\ALANKRITHA\Books\book-store\build\routes\index.js:29:23)
    at Object.<anonymous> (C:\Users\ALANKRITHA\Books\book-store\build\index.js:50:61)
    at Module._compile (node:internal/modules/cjs/loader:1101:14)
    at Object.Module._extensions..js (node:internal/modules/cjs/loader:1153:10)
    at Module.load (node:internal/modules/cjs/loader:981:32)
    at Function.Module._load (node:internal/modules/cjs/loader:822:12)
    at Function.executeUserEntryPoint [as runMain] (node:internal/modules/run_main:81:12)
    at node:internal/main/run_main_module:17:47 {"date":"Fri Feb 11 2022 12:50:21 GMT+0530 (India Standard Time)","error":{},"exception":true,"os":{"loadavg":[0,0,0],"uptime":7351},"process":{"argv":["C:\\Program Files\\nodejs\\node.exe","C:\\Users\\ALANKRITHA\\Books\\book-store\\build\\index.js"],"cwd":"C:\\Users\\ALANKRITHA\\Books\\book-store","execPath":"C:\\Program Files\\nodejs\\node.exe","gid":null,"memoryUsage":{"arrayBuffers":18755644,"external":24802206,"heapTotal":56475648,"heapUsed":27235536,"rss":67682304},"pid":19016,"uid":null,"version":"v16.13.1"},"stack":"ReferenceError: cartRoute is not defined\n    at routes (C:\\Users\\ALANKRITHA\\Books\\book-store\\build\\routes\\index.js:29:23)\n    at Object.<anonymous> (C:\\Users\\ALANKRITHA\\Books\\book-store\\build\\index.js:50:61)\n    at Module._compile (node:internal/modules/cjs/loader:1101:14)\n    at Object.Module._extensions..js (node:internal/modules/cjs/loader:1153:10)\n    at Module.load (node:internal/modules/cjs/loader:981:32)\n    at Function.Module._load (node:internal/modules/cjs/loader:822:12)\n    at Function.executeUserEntryPoint [as runMain] (node:internal/modules/run_main:81:12)\n    at node:internal/main/run_main_module:17:47","trace":[{"column":23,"file":"C:\\Users\\ALANKRITHA\\Books\\book-store\\build\\routes\\index.js","function":"routes","line":29,"method":null,"native":false},{"column":61,"file":"C:\\Users\\ALANKRITHA\\Books\\book-store\\build\\index.js","function":null,"line":50,"method":null,"native":false},{"column":14,"file":"node:internal/modules/cjs/loader","function":"Module._compile","line":1101,"method":"_compile","native":false},{"column":10,"file":"node:internal/modules/cjs/loader","function":"Module._extensions..js","line":1153,"method":".js","native":false},{"column":32,"file":"node:internal/modules/cjs/loader","function":"Module.load","line":981,"method":"load","native":false},{"column":12,"file":"node:internal/modules/cjs/loader","function":"Module._load","line":822,"method":"_load","native":false},{"column":12,"file":"node:internal/modules/run_main","function":"Function.executeUserEntryPoint [as runMain]","line":81,"method":"executeUserEntryPoint [as runMain]","native":false},{"column":47,"file":"node:internal/main/run_main_module","function":null,"line":17,"method":null,"native":false}]}
error: uncaughtException: cartRoute is not defined
ReferenceError: cartRoute is not defined
    at routes (C:\Users\ALANKRITHA\Books\book-store\build\routes\index.js:29:23)
    at Object.<anonymous> (C:\Users\ALANKRITHA\Books\book-store\build\index.js:50:61)
    at Module._compile (node:internal/modules/cjs/loader:1101:14)
    at Object.Module._extensions..js (node:internal/modules/cjs/loader:1153:10)
    at Module.load (node:internal/modules/cjs/loader:981:32)
    at Function.Module._load (node:internal/modules/cjs/loader:822:12)
    at Function.executeUserEntryPoint [as runMain] (node:internal/modules/run_main:81:12)
    at node:internal/main/run_main_module:17:47 {"date":"Fri Feb 11 2022 12:52:36 GMT+0530 (India Standard Time)","error":{},"exception":true,"os":{"loadavg":[0,0,0],"uptime":7486},"process":{"argv":["C:\\Program Files\\nodejs\\node.exe","C:\\Users\\ALANKRITHA\\Books\\book-store\\build\\index.js"],"cwd":"C:\\Users\\ALANKRITHA\\Books\\book-store","execPath":"C:\\Program Files\\nodejs\\node.exe","gid":null,"memoryUsage":{"arrayBuffers":18755644,"external":24802206,"heapTotal":56475648,"heapUsed":27145672,"rss":68022272},"pid":8800,"uid":null,"version":"v16.13.1"},"stack":"ReferenceError: cartRoute is not defined\n    at routes (C:\\Users\\ALANKRITHA\\Books\\book-store\\build\\routes\\index.js:29:23)\n    at Object.<anonymous> (C:\\Users\\ALANKRITHA\\Books\\book-store\\build\\index.js:50:61)\n    at Module._compile (node:internal/modules/cjs/loader:1101:14)\n    at Object.Module._extensions..js (node:internal/modules/cjs/loader:1153:10)\n    at Module.load (node:internal/modules/cjs/loader:981:32)\n    at Function.Module._load (node:internal/modules/cjs/loader:822:12)\n    at Function.executeUserEntryPoint [as runMain] (node:internal/modules/run_main:81:12)\n    at node:internal/main/run_main_module:17:47","trace":[{"column":23,"file":"C:\\Users\\ALANKRITHA\\Books\\book-store\\build\\routes\\index.js","function":"routes","line":29,"method":null,"native":false},{"column":61,"file":"C:\\Users\\ALANKRITHA\\Books\\book-store\\build\\index.js","function":null,"line":50,"method":null,"native":false},{"column":14,"file":"node:internal/modules/cjs/loader","function":"Module._compile","line":1101,"method":"_compile","native":false},{"column":10,"file":"node:internal/modules/cjs/loader","function":"Module._extensions..js","line":1153,"method":".js","native":false},{"column":32,"file":"node:internal/modules/cjs/loader","function":"Module.load","line":981,"method":"load","native":false},{"column":12,"file":"node:internal/modules/cjs/loader","function":"Module._load","line":822,"method":"_load","native":false},{"column":12,"file":"node:internal/modules/run_main","function":"Function.executeUserEntryPoint [as runMain]","line":81,"method":"executeUserEntryPoint [as runMain]","native":false},{"column":47,"file":"node:internal/main/run_main_module","function":null,"line":17,"method":null,"native":false}]}
info: ::1 - - [11/Feb/2022:07:23:51 +0000] "POST /api/v1/book/addbook HTTP/1.1" 400 56 "-" "PostmanRuntime/7.28.4"

info: ::1 - - [11/Feb/2022:07:26:10 +0000] "POST /user HTTP/1.1" 404 47 "-" "PostmanRuntime/7.28.4"

info: ::1 - - [11/Feb/2022:07:27:32 +0000] "POST /user HTTP/1.1" 404 47 "-" "PostmanRuntime/7.28.4"

info: ::1 - - [11/Feb/2022:07:29:46 +0000] "POST /api/v1/users/admin HTTP/1.1" 201 363 "-" "PostmanRuntime/7.28.4"

info: ::1 - - [11/Feb/2022:07:32:05 +0000] "POST /api/v1/users/user HTTP/1.1" 201 346 "-" "PostmanRuntime/7.28.4"

info: ::1 - - [11/Feb/2022:07:32:56 +0000] "POST /api/v1/users/login HTTP/1.1" 500 47 "-" "PostmanRuntime/7.28.4"

info: ::1 - - [11/Feb/2022:07:33:40 +0000] "POST /api/v1/users/login HTTP/1.1" 500 47 "-" "PostmanRuntime/7.28.4"

info: ::1 - - [11/Feb/2022:07:34:11 +0000] "POST /api/v1/users/login HTTP/1.1" 200 346 "-" "PostmanRuntime/7.28.4"

info: ::1 - - [11/Feb/2022:07:34:50 +0000] "POST /api/v1/book/addbook HTTP/1.1" 500 52 "-" "PostmanRuntime/7.28.4"

info: ::1 - - [11/Feb/2022:07:35:11 +0000] "POST /api/v1/users/login HTTP/1.1" 200 346 "-" "PostmanRuntime/7.28.4"

info: ::1 - - [11/Feb/2022:07:35:15 +0000] "POST /api/v1/users/login HTTP/1.1" 200 346 "-" "PostmanRuntime/7.28.4"

info: ::1 - - [11/Feb/2022:07:35:35 +0000] "POST /api/v1/book/addbook HTTP/1.1" 500 52 "-" "PostmanRuntime/7.28.4"

info: ::1 - - [11/Feb/2022:07:56:09 +0000] "POST /api/v1/users/login HTTP/1.1" 200 346 "-" "PostmanRuntime/7.28.4"

info: ::1 - - [11/Feb/2022:07:56:13 +0000] "POST /api/v1/users/login HTTP/1.1" 200 346 "-" "PostmanRuntime/7.28.4"

info: ::1 - - [11/Feb/2022:07:56:20 +0000] "POST /login HTTP/1.1" 404 47 "-" "PostmanRuntime/7.28.4"

info: ::1 - - [11/Feb/2022:07:56:22 +0000] "POST /login HTTP/1.1" 404 47 "-" "PostmanRuntime/7.28.4"

info: ::1 - - [11/Feb/2022:07:56:23 +0000] "POST /login HTTP/1.1" 404 47 "-" "PostmanRuntime/7.28.4"

info: ::1 - - [11/Feb/2022:07:56:31 +0000] "POST /login HTTP/1.1" 404 47 "-" "PostmanRuntime/7.28.4"

info: ::1 - - [11/Feb/2022:07:56:40 +0000] "POST /api/v1/users/login HTTP/1.1" 200 346 "-" "PostmanRuntime/7.28.4"

info: ::1 - - [11/Feb/2022:07:57:08 +0000] "POST /api/v1/book/addbook HTTP/1.1" 500 52 "-" "PostmanRuntime/7.28.4"

info: ::1 - - [11/Feb/2022:07:57:10 +0000] "POST /api/v1/book/addbook HTTP/1.1" 500 52 "-" "PostmanRuntime/7.28.4"

info: ::1 - - [11/Feb/2022:07:57:28 +0000] "POST /api/v1/book/addbook HTTP/1.1" 500 52 "-" "PostmanRuntime/7.28.4"

info: ::1 - - [11/Feb/2022:07:57:31 +0000] "POST /api/v1/book/addbook HTTP/1.1" 500 52 "-" "PostmanRuntime/7.28.4"

info: ::1 - - [11/Feb/2022:07:57:41 +0000] "POST /api/v1/users/user HTTP/1.1" 201 346 "-" "PostmanRuntime/7.28.4"

info: ::1 - - [11/Feb/2022:07:57:55 +0000] "POST /api/v1/users/login HTTP/1.1" 200 346 "-" "PostmanRuntime/7.28.4"

info: ::1 - - [11/Feb/2022:08:02:57 +0000] "POST /api/v1/users/login HTTP/1.1" 200 346 "-" "PostmanRuntime/7.28.4"

info: ::1 - - [11/Feb/2022:08:04:33 +0000] "POST /api/v1/book/addbook HTTP/1.1" 500 52 "-" "PostmanRuntime/7.28.4"

info: ::1 - - [11/Feb/2022:08:04:41 +0000] "POST /api/v1/users/login HTTP/1.1" 200 346 "-" "PostmanRuntime/7.28.4"

info: ::1 - - [11/Feb/2022:08:04:52 +0000] "POST /api/v1/users/login HTTP/1.1" 200 346 "-" "PostmanRuntime/7.28.4"

info: ::1 - - [11/Feb/2022:08:05:20 +0000] "POST /api/v1/book/addbook HTTP/1.1" 500 48 "-" "PostmanRuntime/7.28.4"

info: ::1 - - [11/Feb/2022:08:07:42 +0000] "POST /api/v1/users/login HTTP/1.1" 200 346 "-" "PostmanRuntime/7.28.4"

info: ::1 - - [11/Feb/2022:08:08:25 +0000] "POST /api/v1/book/addbook HTTP/1.1" 500 52 "-" "PostmanRuntime/7.28.4"

info: ::1 - - [11/Feb/2022:08:12:31 +0000] "POST /api/v1/users/login HTTP/1.1" 200 346 "-" "PostmanRuntime/7.28.4"

info: ::1 - - [11/Feb/2022:08:13:04 +0000] "POST /api/v1/book/addbook HTTP/1.1" 500 52 "-" "PostmanRuntime/7.28.4"

info: ::1 - - [11/Feb/2022:08:14:30 +0000] "POST /api/v1/users/user HTTP/1.1" 201 346 "-" "PostmanRuntime/7.28.4"

info: ::1 - - [11/Feb/2022:08:14:47 +0000] "POST /api/v1/users/login HTTP/1.1" 200 346 "-" "PostmanRuntime/7.28.4"

info: ::1 - - [11/Feb/2022:08:15:04 +0000] "POST /api/v1/book/addbook HTTP/1.1" 500 52 "-" "PostmanRuntime/7.28.4"

info: ::1 - - [11/Feb/2022:08:16:42 +0000] "POST /api/v1/book/addbook HTTP/1.1" 500 52 "-" "PostmanRuntime/7.28.4"

info: ::1 - - [11/Feb/2022:08:17:06 +0000] "POST /api/v1/book/addbook HTTP/1.1" 500 52 "-" "PostmanRuntime/7.28.4"

info: ::1 - - [11/Feb/2022:08:17:44 +0000] "POST /api/v1/book/addbook HTTP/1.1" 500 52 "-" "PostmanRuntime/7.28.4"

info: ::1 - - [11/Feb/2022:08:17:47 +0000] "POST /api/v1/book/addbook HTTP/1.1" 500 52 "-" "PostmanRuntime/7.28.4"

info: ::1 - - [11/Feb/2022:08:18:06 +0000] "POST /api/v1/book/addbook HTTP/1.1" 500 52 "-" "PostmanRuntime/7.28.4"

info: ::1 - - [11/Feb/2022:08:20:18 +0000] "POST /api/v1/book/addbook HTTP/1.1" 500 52 "-" "PostmanRuntime/7.28.4"

info: ::1 - - [11/Feb/2022:08:20:34 +0000] "POST /api/v1/book/addbook HTTP/1.1" 500 52 "-" "PostmanRuntime/7.28.4"

info: ::1 - - [11/Feb/2022:08:20:45 +0000] "POST /api/v1/users/login HTTP/1.1" 200 346 "-" "PostmanRuntime/7.28.4"

info: ::1 - - [11/Feb/2022:08:21:07 +0000] "POST /api/v1/book/addbook HTTP/1.1" 500 52 "-" "PostmanRuntime/7.28.4"

info: ::1 - - [11/Feb/2022:08:23:43 +0000] "POST /api/v1/book/addbook HTTP/1.1" 500 52 "-" "PostmanRuntime/7.28.4"

info: ::1 - - [11/Feb/2022:08:24:54 +0000] "POST /api/v1/book/addbook HTTP/1.1" 500 52 "-" "PostmanRuntime/7.28.4"

info: ::1 - - [11/Feb/2022:08:30:21 +0000] "POST /api/v1/book/addbook HTTP/1.1" 200 57 "-" "PostmanRuntime/7.28.4"

info: ::1 - - [11/Feb/2022:08:31:09 +0000] "POST /api/v1/users/login HTTP/1.1" 500 47 "-" "PostmanRuntime/7.28.4"

info: ::1 - - [11/Feb/2022:08:31:34 +0000] "POST /api/v1/users/admin HTTP/1.1" 201 363 "-" "PostmanRuntime/7.28.4"

info: ::1 - - [11/Feb/2022:08:31:44 +0000] "POST /api/v1/users/login HTTP/1.1" 500 47 "-" "PostmanRuntime/7.28.4"

info: ::1 - - [11/Feb/2022:08:36:49 +0000] "POST /api/v1/users/admin HTTP/1.1" 201 363 "-" "PostmanRuntime/7.28.4"

info: ::1 - - [11/Feb/2022:08:37:14 +0000] "POST /api/v1/users/user HTTP/1.1" 201 346 "-" "PostmanRuntime/7.28.4"

info: ::1 - - [11/Feb/2022:08:37:20 +0000] "POST /api/v1/users/login HTTP/1.1" 200 368 "-" "PostmanRuntime/7.28.4"

info: ::1 - - [11/Feb/2022:08:37:40 +0000] "POST /api/v1/book/addbook HTTP/1.1" 201 293 "-" "PostmanRuntime/7.28.4"

info: ::1 - - [11/Feb/2022:08:39:28 +0000] "POST /api/v1/book/getbook HTTP/1.1" 404 47 "-" "PostmanRuntime/7.28.4"

info: ::1 - - [11/Feb/2022:08:39:48 +0000] "POST /api/v1/book/getbook HTTP/1.1" 404 47 "-" "PostmanRuntime/7.28.4"

info: ::1 - - [11/Feb/2022:08:40:01 +0000] "GET /api/v1/book/getbook HTTP/1.1" 500 52 "-" "PostmanRuntime/7.28.4"

info: ::1 - - [11/Feb/2022:08:40:32 +0000] "GET /api/v1/book/getbook HTTP/1.1" 500 52 "-" "PostmanRuntime/7.28.4"

info: ::1 - - [11/Feb/2022:08:41:04 +0000] "GET /api/v1/book/getbook?_id=62062054d9520c4dec032267 HTTP/1.1" 500 52 "-" "PostmanRuntime/7.28.4"

info: ::1 - - [11/Feb/2022:08:41:21 +0000] "GET /api/v1/book/getbook HTTP/1.1" 500 52 "-" "PostmanRuntime/7.28.4"

info: ::1 - - [11/Feb/2022:08:42:05 +0000] "GET /api/v1/book/getbook HTTP/1.1" 500 52 "-" "PostmanRuntime/7.28.4"

info: ::1 - - [11/Feb/2022:08:43:56 +0000] "GET /api/v1/book/getbook HTTP/1.1" 500 52 "-" "PostmanRuntime/7.28.4"

info: ::1 - - [11/Feb/2022:08:44:38 +0000] "GET /api/v1/book/getbook HTTP/1.1" 500 52 "-" "PostmanRuntime/7.28.4"

info: ::1 - - [11/Feb/2022:08:44:58 +0000] "GET /api/v1/book/getbook HTTP/1.1" 500 52 "-" "PostmanRuntime/7.28.4"

info: ::1 - - [11/Feb/2022:08:45:00 +0000] "GET /api/v1/book/getbook HTTP/1.1" 500 52 "-" "PostmanRuntime/7.28.4"

info: ::1 - - [11/Feb/2022:08:46:00 +0000] "GET /api/v1/book/getbook HTTP/1.1" 500 52 "-" "PostmanRuntime/7.28.4"

info: ::1 - - [11/Feb/2022:11:42:30 +0000] "GET /api/v1/book/getbook HTTP/1.1" 200 270 "-" "PostmanRuntime/7.28.4"

info: ::1 - - [11/Feb/2022:12:03:46 +0000] "POST /api/v1/book/addbook HTTP/1.1" 201 300 "-" "PostmanRuntime/7.28.4"

info: ::1 - - [11/Feb/2022:12:04:26 +0000] "GET /api/v1/book/62062054d9520c4dec032267 HTTP/1.1" 500 54 "-" "PostmanRuntime/7.28.4"

info: ::1 - - [11/Feb/2022:12:04:42 +0000] "GET /api/v1/book/_id HTTP/1.1" 500 54 "-" "PostmanRuntime/7.28.4"

info: ::1 - - [11/Feb/2022:12:04:54 +0000] "GET /api/v1/book/62062054d9520c4dec032267 HTTP/1.1" 500 54 "-" "PostmanRuntime/7.28.4"

info: ::1 - - [11/Feb/2022:12:05:21 +0000] "GET /api/v1/book/62062054d9520c4dec032267 HTTP/1.1" 500 54 "-" "PostmanRuntime/7.28.4"

info: ::1 - - [11/Feb/2022:12:05:38 +0000] "GET /api/v1/book/getbook HTTP/1.1" 200 496 "-" "PostmanRuntime/7.28.4"

info: ::1 - - [11/Feb/2022:12:06:04 +0000] "GET /api/v1/book/62062054d9520c4dec032267 HTTP/1.1" 500 54 "-" "PostmanRuntime/7.28.4"

info: ::1 - - [11/Feb/2022:12:06:19 +0000] "GET /api/v1/book/62062054d9520c4dec032267 HTTP/1.1" 500 54 "-" "PostmanRuntime/7.28.4"

info: ::1 - - [11/Feb/2022:12:07:17 +0000] "GET /api/v1/book/620650a2455c181d9c16eab2 HTTP/1.1" 500 54 "-" "PostmanRuntime/7.28.4"

info: ::1 - - [11/Feb/2022:12:07:30 +0000] "GET /api/v1/book/620650a2455c181d9c16eab2 HTTP/1.1" 500 54 "-" "PostmanRuntime/7.28.4"

info: ::1 - - [11/Feb/2022:12:08:42 +0000] "GET /api/v1/book/addbook HTTP/1.1" 500 54 "-" "PostmanRuntime/7.28.4"

info: ::1 - - [11/Feb/2022:12:08:43 +0000] "GET /api/v1/book/addbook HTTP/1.1" 500 54 "-" "PostmanRuntime/7.28.4"

info: ::1 - - [11/Feb/2022:12:09:30 +0000] "GET /api/v1/search/Good%20life HTTP/1.1" 400 56 "-" "PostmanRuntime/7.28.4"

info: ::1 - - [11/Feb/2022:12:09:44 +0000] "GET /api/v1/search/Good%20life HTTP/1.1" 500 52 "-" "PostmanRuntime/7.28.4"

info: ::1 - - [11/Feb/2022:12:10:33 +0000] "GET /api/v1/search/Good%20life HTTP/1.1" 500 68 "-" "PostmanRuntime/7.28.4"

info: ::1 - - [11/Feb/2022:12:11:05 +0000] "GET /api/v1/search/Good%20life HTTP/1.1" 500 68 "-" "PostmanRuntime/7.28.4"

info: ::1 - - [11/Feb/2022:12:12:36 +0000] "GET /api/v1/book/620650a2455c181d9c16eab2 HTTP/1.1" 500 54 "-" "PostmanRuntime/7.28.4"

info: ::1 - - [11/Feb/2022:12:13:41 +0000] "GET /api/v1/book/620650a2455c181d9c16eab2 HTTP/1.1" 500 54 "-" "PostmanRuntime/7.28.4"

info: ::1 - - [11/Feb/2022:12:13:46 +0000] "GET /api/v1/book/620650a2455c181d9c16eab2 HTTP/1.1" 500 54 "-" "PostmanRuntime/7.28.4"

info: ::1 - - [11/Feb/2022:12:15:05 +0000] "GET /api/v1/book/620650a2455c181d9c16eab2 HTTP/1.1" 500 54 "-" "PostmanRuntime/7.28.4"

info: ::1 - - [11/Feb/2022:13:35:43 +0000] "GET /api/v1/book/:id HTTP/1.1" 500 54 "-" "PostmanRuntime/7.28.4"

info: ::1 - - [11/Feb/2022:13:35:58 +0000] "GET /api/v1/book/620650a2455c181d9c16eab2 HTTP/1.1" 500 54 "-" "PostmanRuntime/7.28.4"

info: ::1 - - [11/Feb/2022:13:36:00 +0000] "GET /api/v1/book/620650a2455c181d9c16eab2 HTTP/1.1" 500 54 "-" "PostmanRuntime/7.28.4"

info: ::1 - - [11/Feb/2022:13:36:05 +0000] "GET /api/v1/book/620650a2455c181d9c16eab2 HTTP/1.1" 500 54 "-" "PostmanRuntime/7.28.4"

info: ::1 - - [11/Feb/2022:13:36:22 +0000] "GET /api/v1/book/620650a2455c181d9c16eab2 HTTP/1.1" 500 54 "-" "PostmanRuntime/7.28.4"

info: ::1 - - [11/Feb/2022:13:36:33 +0000] "GET /api/v1/book/620650a2455c181d9c16eab2 HTTP/1.1" 500 54 "-" "PostmanRuntime/7.28.4"

info: ::1 - - [11/Feb/2022:13:36:34 +0000] "GET /api/v1/book/620650a2455c181d9c16eab2 HTTP/1.1" 500 54 "-" "PostmanRuntime/7.28.4"

info: ::1 - - [11/Feb/2022:13:40:13 +0000] "GET /api/v1/book/620650a2455c181d9c16eab2 HTTP/1.1" 500 54 "-" "PostmanRuntime/7.28.4"

info: ::1 - - [11/Feb/2022:13:40:32 +0000] "GET /api/v1/search/Good%20life HTTP/1.1" 500 68 "-" "PostmanRuntime/7.28.4"

info: ::1 - - [11/Feb/2022:13:41:33 +0000] "GET /api/v1/book/620650a2455c181d9c16eab2 HTTP/1.1" 500 54 "-" "PostmanRuntime/7.28.4"

info: ::1 - - [11/Feb/2022:13:41:51 +0000] "GET /api/v1/book/620650a2455c181d9c16eab2 HTTP/1.1" 500 54 "-" "PostmanRuntime/7.28.4"

info: ::1 - - [11/Feb/2022:13:42:20 +0000] "GET /api/v1/book/620650a2455c181d9c16eab2 HTTP/1.1" 500 54 "-" "PostmanRuntime/7.28.4"

info: ::1 - - [11/Feb/2022:13:42:34 +0000] "GET /api/v1/book/620650a2455c181d9c16eab2 HTTP/1.1" 500 54 "-" "PostmanRuntime/7.28.4"

info: ::1 - - [11/Feb/2022:13:42:50 +0000] "GET /api/v1/book/620650a2455c181d9c16eab2 HTTP/1.1" 500 54 "-" "PostmanRuntime/7.28.4"

info: ::1 - - [11/Feb/2022:13:44:36 +0000] "GET /api/v1/book/620650a2455c181d9c16eab2 HTTP/1.1" 500 54 "-" "PostmanRuntime/7.28.4"

info: ::1 - - [11/Feb/2022:13:44:43 +0000] "GET /api/v1/book/620650a2455c181d9c16eab2 HTTP/1.1" 500 54 "-" "PostmanRuntime/7.28.4"

info: ::1 - - [11/Feb/2022:13:45:37 +0000] "GET /api/v1/book/620650a2455c181d9c16eab2 HTTP/1.1" 500 54 "-" "PostmanRuntime/7.28.4"

info: ::1 - - [11/Feb/2022:13:47:55 +0000] "GET /api/v1/book/getbook HTTP/1.1" 200 496 "-" "PostmanRuntime/7.28.4"

info: ::1 - - [11/Feb/2022:13:49:54 +0000] "GET /api/v1/book/getbookbyid HTTP/1.1" 500 54 "-" "PostmanRuntime/7.28.4"

info: ::1 - - [11/Feb/2022:13:50:34 +0000] "GET /api/v1/book/getbookbyid HTTP/1.1" 500 54 "-" "PostmanRuntime/7.28.4"

info: ::1 - - [11/Feb/2022:13:51:02 +0000] "GET /api/v1/book/getbookbyid HTTP/1.1" 500 54 "-" "PostmanRuntime/7.28.4"

info: ::1 - - [11/Feb/2022:13:52:19 +0000] "GET /api/v1/book/getbookbyid?_id=62062054d9520c4dec032267 HTTP/1.1" 500 54 "-" "PostmanRuntime/7.28.4"

info: ::1 - - [11/Feb/2022:13:52:38 +0000] "GET /api/v1/book/getbookbyid?_id=62062054d9520c4dec032267 HTTP/1.1" 500 54 "-" "PostmanRuntime/7.28.4"

info: ::1 - - [11/Feb/2022:13:56:00 +0000] "GET /api/v1/book/getbookbyid HTTP/1.1" 500 54 "-" "PostmanRuntime/7.28.4"

info: ::1 - - [11/Feb/2022:13:56:29 +0000] "GET /api/v1/book/getbookbyid?id=62062054d9520c4dec032267 HTTP/1.1" 500 54 "-" "PostmanRuntime/7.28.4"

info: ::1 - - [11/Feb/2022:14:01:46 +0000] "GET /api/v1/book/getbookbyid:id=62062054d9520c4dec032267 HTTP/1.1" 404 47 "-" "PostmanRuntime/7.28.4"

info: ::1 - - [11/Feb/2022:14:02:16 +0000] "GET /api/v1/book/getbookbyid?id=62062054d9520c4dec032267 HTTP/1.1" 500 54 "-" "PostmanRuntime/7.28.4"

info: ::1 - - [11/Feb/2022:14:02:23 +0000] "GET /api/v1/book/getbookbyid?:id=62062054d9520c4dec032267 HTTP/1.1" 500 54 "-" "PostmanRuntime/7.28.4"

info: ::1 - - [11/Feb/2022:14:05:20 +0000] "GET /api/v1/book/getbookbyid?id=62062054d9520c4dec032267 HTTP/1.1" 500 54 "-" "PostmanRuntime/7.28.4"

info: ::1 - - [11/Feb/2022:14:05:40 +0000] "GET /api/v1/book/getbookbyid?id=62062054d9520c4dec032267 HTTP/1.1" 500 54 "-" "PostmanRuntime/7.28.4"

info: ::1 - - [11/Feb/2022:14:06:49 +0000] "GET /api/v1/book/getbookbyid/62062054d9520c4dec032267 HTTP/1.1" 404 47 "-" "PostmanRuntime/7.28.4"

info: ::1 - - [11/Feb/2022:14:08:12 +0000] "GET /api/v1/book/getbookbyid/62062054d9520c4dec032267 HTTP/1.1" 200 280 "-" "PostmanRuntime/7.28.4"

info: ::1 - - [11/Feb/2022:14:08:18 +0000] "GET /api/v1/search/Good%20life HTTP/1.1" 500 68 "-" "PostmanRuntime/7.28.4"

info: ::1 - - [11/Feb/2022:14:08:30 +0000] "GET /api/v1/search/Good%20life HTTP/1.1" 500 68 "-" "PostmanRuntime/7.28.4"

info: ::1 - - [11/Feb/2022:14:10:54 +0000] "GET /api/v1/search/Good%20life HTTP/1.1" 500 68 "-" "PostmanRuntime/7.28.4"

info: ::1 - - [11/Feb/2022:14:11:19 +0000] "GET /api/v1/search/Good%20life HTTP/1.1" 404 47 "-" "PostmanRuntime/7.28.4"

info: ::1 - - [11/Feb/2022:14:11:50 +0000] "GET /api/v1/search/Good%20life HTTP/1.1" 404 47 "-" "PostmanRuntime/7.28.4"

info: ::1 - - [11/Feb/2022:14:12:08 +0000] "GET /api/v1/Good%20life HTTP/1.1" 404 47 "-" "PostmanRuntime/7.28.4"

info: ::1 - - [11/Feb/2022:14:12:15 +0000] "GET /api/v1/book/Good%20life HTTP/1.1" 500 68 "-" "PostmanRuntime/7.28.4"

info: ::1 - - [11/Feb/2022:14:12:17 +0000] "GET /api/v1/book/Good%20life HTTP/1.1" 500 68 "-" "PostmanRuntime/7.28.4"

info: ::1 - - [11/Feb/2022:14:17:47 +0000] "PUT /api/v1/book/updatebookbyid/62062054d9520c4dec032267 HTTP/1.1" 404 47 "-" "PostmanRuntime/7.28.4"

info: ::1 - - [11/Feb/2022:14:20:39 +0000] "PUT /api/v1/book/updatebookbyid/62062054d9520c4dec032267 HTTP/1.1" 404 47 "-" "PostmanRuntime/7.28.4"

info: ::1 - - [11/Feb/2022:14:22:18 +0000] "POST /api/v1/book/addbook HTTP/1.1" 201 300 "-" "PostmanRuntime/7.28.4"

info: ::1 - - [11/Feb/2022:14:23:27 +0000] "PUT /api/v1/book/updatebookbyid/62062054d9520c4dec032267 HTTP/1.1" 404 47 "-" "PostmanRuntime/7.28.4"

info: ::1 - - [11/Feb/2022:14:26:27 +0000] "PUT /api/v1/book/updatebookbyid/62062054d9520c4dec032267 HTTP/1.1" 500 88 "-" "PostmanRuntime/7.28.4"

info: ::1 - - [11/Feb/2022:14:27:57 +0000] "PUT /api/v1/book/updatebookbyid/62062054d9520c4dec032267 HTTP/1.1" 400 56 "-" "PostmanRuntime/7.28.4"

info: ::1 - - [11/Feb/2022:14:28:24 +0000] "PUT /api/v1/book/updatebookbyid/62062054d9520c4dec032267 HTTP/1.1" 500 52 "-" "PostmanRuntime/7.28.4"

info: ::1 - - [11/Feb/2022:14:34:13 +0000] "PUT /api/v1/book/updatebookbyid/:id HTTP/1.1" 500 52 "-" "PostmanRuntime/7.28.4"

info: ::1 - - [11/Feb/2022:14:35:36 +0000] "PUT /api/v1/book/updatebookbyid/620650a2455c181d9c16eab2 HTTP/1.1" 500 54 "-" "PostmanRuntime/7.28.4"

info: ::1 - - [11/Feb/2022:14:36:06 +0000] "PUT /api/v1/book/updatebookbyid/62062054d9520c4dec032267 HTTP/1.1" 500 54 "-" "PostmanRuntime/7.28.4"

info: ::1 - - [11/Feb/2022:14:36:29 +0000] "PUT /api/v1/book/updatebookbyid/620671196de5b627a034126b HTTP/1.1" 500 54 "-" "PostmanRuntime/7.28.4"

info: ::1 - - [11/Feb/2022:14:37:22 +0000] "PUT /api/v1/book/updatebookbyid/620671196de5b627a034126b HTTP/1.1" 500 54 "-" "PostmanRuntime/7.28.4"

info: ::1 - - [11/Feb/2022:14:37:24 +0000] "PUT /api/v1/book/updatebookbyid/620671196de5b627a034126b HTTP/1.1" 500 54 "-" "PostmanRuntime/7.28.4"

info: ::1 - - [11/Feb/2022:14:37:26 +0000] "PUT /api/v1/book/updatebookbyid/620671196de5b627a034126b HTTP/1.1" 500 54 "-" "PostmanRuntime/7.28.4"

info: ::1 - - [11/Feb/2022:14:39:17 +0000] "GET /api/v1/book/getbook HTTP/1.1" 200 722 "-" "PostmanRuntime/7.28.4"

info: ::1 - - [11/Feb/2022:14:39:48 +0000] "GET /api/v1/book/getbookbyid/%20620671196de5b627a034126b%0A HTTP/1.1" 500 150 "-" "PostmanRuntime/7.28.4"

info: ::1 - - [11/Feb/2022:14:40:03 +0000] "GET /api/v1/book/getbookbyid/%20620671196de5b627a034126b HTTP/1.1" 500 147 "-" "PostmanRuntime/7.28.4"

info: ::1 - - [11/Feb/2022:14:41:46 +0000] "GET /api/v1/book/getbookbyid/%20620671196de5b627a034126b HTTP/1.1" 500 147 "-" "PostmanRuntime/7.28.4"

info: ::1 - - [11/Feb/2022:14:42:02 +0000] "GET /api/v1/book/getbookbyid/620671196de5b627a034126b HTTP/1.1" 200 287 "-" "PostmanRuntime/7.28.4"

info: ::1 - - [11/Feb/2022:14:42:30 +0000] "PUT /api/v1/book/updatebookbyid/620671196de5b627a034126b HTTP/1.1" 200 310 "-" "PostmanRuntime/7.28.4"

info: ::1 - - [11/Feb/2022:14:42:51 +0000] "GET /api/v1/book/Good%20life HTTP/1.1" 200 520 "-" "PostmanRuntime/7.28.4"

info: ::1 - - [11/Feb/2022:14:44:22 +0000] "DELETE /api/v1/book/deletebookbyid/620671196de5b627a034126b HTTP/1.1" 500 88 "-" "PostmanRuntime/7.28.4"

info: ::1 - - [11/Feb/2022:14:45:50 +0000] "DELETE /api/v1/book/deletebookbyid/620671196de5b627a034126b HTTP/1.1" 500 83 "-" "PostmanRuntime/7.28.4"

info: ::1 - - [11/Feb/2022:14:46:31 +0000] "DELETE /api/v1/book/deletebookbyid/620671196de5b627a034126b HTTP/1.1" 500 83 "-" "PostmanRuntime/7.28.4"

info: ::1 - - [11/Feb/2022:14:47:25 +0000] "DELETE /api/v1/book/deletebookbyid/620671196de5b627a034126b HTTP/1.1" 200 310 "-" "PostmanRuntime/7.28.4"

info: ::1 - - [12/Feb/2022:06:02:48 +0000] "POST /api/v1/book/addbook HTTP/1.1" 201 300 "-" "PostmanRuntime/7.29.0"

info: ::1 - - [12/Feb/2022:06:03:01 +0000] "GET /api/v1/book/getbook HTTP/1.1" 200 722 "-" "PostmanRuntime/7.29.0"

info: ::1 - - [12/Feb/2022:06:03:07 +0000] "GET /api/v1/book/getbookbyid/620671196de5b627a034126b HTTP/1.1" 500 83 "-" "PostmanRuntime/7.29.0"

info: ::1 - - [12/Feb/2022:06:03:29 +0000] "GET /api/v1/book/getbookbyid/62074d88a247101d1c5e48c7 HTTP/1.1" 200 287 "-" "PostmanRuntime/7.29.0"

info: ::1 - - [12/Feb/2022:06:03:36 +0000] "GET /api/v1/book/Good%20life HTTP/1.1" 200 297 "-" "PostmanRuntime/7.29.0"

info: ::1 - - [12/Feb/2022:06:03:43 +0000] "PUT /api/v1/book/updatebookbyid/620671196de5b627a034126b HTTP/1.1" 500 83 "-" "PostmanRuntime/7.29.0"

info: ::1 - - [12/Feb/2022:06:03:56 +0000] "PUT /api/v1/book/updatebookbyid/62074d88a247101d1c5e48c7 HTTP/1.1" 200 310 "-" "PostmanRuntime/7.29.0"

info: ::1 - - [12/Feb/2022:06:04:05 +0000] "DELETE /api/v1/book/deletebookbyid/620671196de5b627a034126b HTTP/1.1" 500 83 "-" "PostmanRuntime/7.29.0"

info: ::1 - - [12/Feb/2022:06:27:05 +0000] "POST /api/v1/book/addbook HTTP/1.1" 201 300 "-" "PostmanRuntime/7.29.0"

info: ::1 - - [12/Feb/2022:06:27:14 +0000] "GET /api/v1/book/getbook HTTP/1.1" 200 945 "-" "PostmanRuntime/7.29.0"

info: ::1 - - [12/Feb/2022:06:27:29 +0000] "GET /api/v1/book/Good%20life HTTP/1.1" 200 520 "-" "PostmanRuntime/7.29.0"

info: ::1 - - [12/Feb/2022:06:28:32 +0000] "POST /api/v1/users/login HTTP/1.1" 200 368 "-" "PostmanRuntime/7.29.0"

info: ::1 - - [12/Feb/2022:06:28:42 +0000] "POST /api/v1/users/admin HTTP/1.1" 500 61 "-" "PostmanRuntime/7.29.0"

info: ::1 - - [12/Feb/2022:06:29:18 +0000] "GET /api/v1/book/getbook HTTP/1.1" 200 945 "-" "PostmanRuntime/7.29.0"

info: ::1 - - [12/Feb/2022:06:29:29 +0000] "GET /api/v1/book/getbook HTTP/1.1" 200 945 "-" "PostmanRuntime/7.29.0"

info: ::1 - - [12/Feb/2022:06:30:15 +0000] "GET /api/v1/book/getbook HTTP/1.1" 200 945 "-" "PostmanRuntime/7.29.0"

info: ::1 - - [12/Feb/2022:13:04:59 +0000] "POST /api/v1/cart/62075339a247101d1c5e48d0 HTTP/1.1" 404 47 "-" "PostmanRuntime/7.29.0"

info: ::1 - - [12/Feb/2022:13:06:37 +0000] "POST /api/v1/cart/62075339a247101d1c5e48d0 HTTP/1.1" 404 47 "-" "PostmanRuntime/7.29.0"

info: ::1 - - [12/Feb/2022:13:08:36 +0000] "POST /api/v1/cart/:id HTTP/1.1" 404 47 "-" "PostmanRuntime/7.29.0"

error: uncaughtException: userAuth is not defined
ReferenceError: userAuth is not defined
    at Object.<anonymous> (C:\Users\ALANKRITHA\Books\book-store\build\routes\BookRoute.js:48:31)
    at Module._compile (node:internal/modules/cjs/loader:1101:14)
    at Object.Module._extensions..js (node:internal/modules/cjs/loader:1153:10)
    at Module.load (node:internal/modules/cjs/loader:981:32)
    at Function.Module._load (node:internal/modules/cjs/loader:822:12)
    at Module.require (node:internal/modules/cjs/loader:1005:19)
    at require (node:internal/modules/cjs/helpers:102:18)
    at Object.<anonymous> (C:\Users\ALANKRITHA\Books\book-store\build\routes\index.js:14:18)
    at Module._compile (node:internal/modules/cjs/loader:1101:14)
    at Object.Module._extensions..js (node:internal/modules/cjs/loader:1153:10)
    at Module.load (node:internal/modules/cjs/loader:981:32)
    at Function.Module._load (node:internal/modules/cjs/loader:822:12)
    at Module.require (node:internal/modules/cjs/loader:1005:19)
    at require (node:internal/modules/cjs/helpers:102:18)
    at Object.<anonymous> (C:\Users\ALANKRITHA\Books\book-store\build\index.js:20:38)
    at Module._compile (node:internal/modules/cjs/loader:1101:14) {"date":"Sat Feb 12 2022 18:38:56 GMT+0530 (India Standard Time)","error":{},"exception":true,"os":{"loadavg":[0,0,0],"uptime":27256},"process":{"argv":["C:\\Program Files\\nodejs\\node.exe","C:\\Users\\ALANKRITHA\\Books\\book-store\\build\\index.js"],"cwd":"C:\\Users\\ALANKRITHA\\Books\\book-store","execPath":"C:\\Program Files\\nodejs\\node.exe","gid":null,"memoryUsage":{"arrayBuffers":18717396,"external":24787727,"heapTotal":56475648,"heapUsed":26486240,"rss":67383296},"pid":11192,"uid":null,"version":"v16.13.1"},"stack":"ReferenceError: userAuth is not defined\n    at Object.<anonymous> (C:\\Users\\ALANKRITHA\\Books\\book-store\\build\\routes\\BookRoute.js:48:31)\n    at Module._compile (node:internal/modules/cjs/loader:1101:14)\n    at Object.Module._extensions..js (node:internal/modules/cjs/loader:1153:10)\n    at Module.load (node:internal/modules/cjs/loader:981:32)\n    at Function.Module._load (node:internal/modules/cjs/loader:822:12)\n    at Module.require (node:internal/modules/cjs/loader:1005:19)\n    at require (node:internal/modules/cjs/helpers:102:18)\n    at Object.<anonymous> (C:\\Users\\ALANKRITHA\\Books\\book-store\\build\\routes\\index.js:14:18)\n    at Module._compile (node:internal/modules/cjs/loader:1101:14)\n    at Object.Module._extensions..js (node:internal/modules/cjs/loader:1153:10)\n    at Module.load (node:internal/modules/cjs/loader:981:32)\n    at Function.Module._load (node:internal/modules/cjs/loader:822:12)\n    at Module.require (node:internal/modules/cjs/loader:1005:19)\n    at require (node:internal/modules/cjs/helpers:102:18)\n    at Object.<anonymous> (C:\\Users\\ALANKRITHA\\Books\\book-store\\build\\index.js:20:38)\n    at Module._compile (node:internal/modules/cjs/loader:1101:14)","trace":[{"column":31,"file":"C:\\Users\\ALANKRITHA\\Books\\book-store\\build\\routes\\BookRoute.js","function":null,"line":48,"method":null,"native":false},{"column":14,"file":"node:internal/modules/cjs/loader","function":"Module._compile","line":1101,"method":"_compile","native":false},{"column":10,"file":"node:internal/modules/cjs/loader","function":"Module._extensions..js","line":1153,"method":".js","native":false},{"column":32,"file":"node:internal/modules/cjs/loader","function":"Module.load","line":981,"method":"load","native":false},{"column":12,"file":"node:internal/modules/cjs/loader","function":"Module._load","line":822,"method":"_load","native":false},{"column":19,"file":"node:internal/modules/cjs/loader","function":"Module.require","line":1005,"method":"require","native":false},{"column":18,"file":"node:internal/modules/cjs/helpers","function":"require","line":102,"method":null,"native":false},{"column":18,"file":"C:\\Users\\ALANKRITHA\\Books\\book-store\\build\\routes\\index.js","function":null,"line":14,"method":null,"native":false},{"column":14,"file":"node:internal/modules/cjs/loader","function":"Module._compile","line":1101,"method":"_compile","native":false},{"column":10,"file":"node:internal/modules/cjs/loader","function":"Module._extensions..js","line":1153,"method":".js","native":false},{"column":32,"file":"node:internal/modules/cjs/loader","function":"Module.load","line":981,"method":"load","native":false},{"column":12,"file":"node:internal/modules/cjs/loader","function":"Module._load","line":822,"method":"_load","native":false},{"column":19,"file":"node:internal/modules/cjs/loader","function":"Module.require","line":1005,"method":"require","native":false},{"column":18,"file":"node:internal/modules/cjs/helpers","function":"require","line":102,"method":null,"native":false},{"column":38,"file":"C:\\Users\\ALANKRITHA\\Books\\book-store\\build\\index.js","function":null,"line":20,"method":null,"native":false},{"column":14,"file":"node:internal/modules/cjs/loader","function":"Module._compile","line":1101,"method":"_compile","native":false}]}
error: uncaughtException: Cannot find module '../controllers/cartController'
Require stack:
- C:\Users\ALANKRITHA\Books\book-store\build\routes\cart.route.js
- C:\Users\ALANKRITHA\Books\book-store\build\routes\index.js
- C:\Users\ALANKRITHA\Books\book-store\build\index.js
Error: Cannot find module '../controllers/cartController'
Require stack:
- C:\Users\ALANKRITHA\Books\book-store\build\routes\cart.route.js
- C:\Users\ALANKRITHA\Books\book-store\build\routes\index.js
- C:\Users\ALANKRITHA\Books\book-store\build\index.js
    at Function.Module._resolveFilename (node:internal/modules/cjs/loader:933:15)
    at Function.Module._load (node:internal/modules/cjs/loader:778:27)
    at Module.require (node:internal/modules/cjs/loader:1005:19)
    at require (node:internal/modules/cjs/helpers:102:18)
    at Object.<anonymous> (C:\Users\ALANKRITHA\Books\book-store\build\routes\cart.route.js:14:46)
    at Module._compile (node:internal/modules/cjs/loader:1101:14)
    at Object.Module._extensions..js (node:internal/modules/cjs/loader:1153:10)
    at Module.load (node:internal/modules/cjs/loader:981:32)
    at Function.Module._load (node:internal/modules/cjs/loader:822:12)
    at Module.require (node:internal/modules/cjs/loader:1005:19)
    at require (node:internal/modules/cjs/helpers:102:18)
    at Object.<anonymous> (C:\Users\ALANKRITHA\Books\book-store\build\routes\index.js:16:36)
    at Module._compile (node:internal/modules/cjs/loader:1101:14)
    at Object.Module._extensions..js (node:internal/modules/cjs/loader:1153:10)
    at Module.load (node:internal/modules/cjs/loader:981:32)
    at Function.Module._load (node:internal/modules/cjs/loader:822:12) {"date":"Sat Feb 12 2022 18:40:03 GMT+0530 (India Standard Time)","error":{"code":"MODULE_NOT_FOUND","requireStack":["C:\\Users\\ALANKRITHA\\Books\\book-store\\build\\routes\\cart.route.js","C:\\Users\\ALANKRITHA\\Books\\book-store\\build\\routes\\index.js","C:\\Users\\ALANKRITHA\\Books\\book-store\\build\\index.js"]},"exception":true,"os":{"loadavg":[0,0,0],"uptime":27323},"process":{"argv":["C:\\Program Files\\nodejs\\node.exe","C:\\Users\\ALANKRITHA\\Books\\book-store\\build\\index.js"],"cwd":"C:\\Users\\ALANKRITHA\\Books\\book-store","execPath":"C:\\Program Files\\nodejs\\node.exe","gid":null,"memoryUsage":{"arrayBuffers":18719236,"external":24789567,"heapTotal":56213504,"heapUsed":26573280,"rss":67436544},"pid":9168,"uid":null,"version":"v16.13.1"},"stack":"Error: Cannot find module '../controllers/cartController'\nRequire stack:\n- C:\\Users\\ALANKRITHA\\Books\\book-store\\build\\routes\\cart.route.js\n- C:\\Users\\ALANKRITHA\\Books\\book-store\\build\\routes\\index.js\n- C:\\Users\\ALANKRITHA\\Books\\book-store\\build\\index.js\n    at Function.Module._resolveFilename (node:internal/modules/cjs/loader:933:15)\n    at Function.Module._load (node:internal/modules/cjs/loader:778:27)\n    at Module.require (node:internal/modules/cjs/loader:1005:19)\n    at require (node:internal/modules/cjs/helpers:102:18)\n    at Object.<anonymous> (C:\\Users\\ALANKRITHA\\Books\\book-store\\build\\routes\\cart.route.js:14:46)\n    at Module._compile (node:internal/modules/cjs/loader:1101:14)\n    at Object.Module._extensions..js (node:internal/modules/cjs/loader:1153:10)\n    at Module.load (node:internal/modules/cjs/loader:981:32)\n    at Function.Module._load (node:internal/modules/cjs/loader:822:12)\n    at Module.require (node:internal/modules/cjs/loader:1005:19)\n    at require (node:internal/modules/cjs/helpers:102:18)\n    at Object.<anonymous> (C:\\Users\\ALANKRITHA\\Books\\book-store\\build\\routes\\index.js:16:36)\n    at Module._compile (node:internal/modules/cjs/loader:1101:14)\n    at Object.Module._extensions..js (node:internal/modules/cjs/loader:1153:10)\n    at Module.load (node:internal/modules/cjs/loader:981:32)\n    at Function.Module._load (node:internal/modules/cjs/loader:822:12)","trace":[{"column":15,"file":"node:internal/modules/cjs/loader","function":"Module._resolveFilename","line":933,"method":"_resolveFilename","native":false},{"column":27,"file":"node:internal/modules/cjs/loader","function":"Module._load","line":778,"method":"_load","native":false},{"column":19,"file":"node:internal/modules/cjs/loader","function":"Module.require","line":1005,"method":"require","native":false},{"column":18,"file":"node:internal/modules/cjs/helpers","function":"require","line":102,"method":null,"native":false},{"column":46,"file":"C:\\Users\\ALANKRITHA\\Books\\book-store\\build\\routes\\cart.route.js","function":null,"line":14,"method":null,"native":false},{"column":14,"file":"node:internal/modules/cjs/loader","function":"Module._compile","line":1101,"method":"_compile","native":false},{"column":10,"file":"node:internal/modules/cjs/loader","function":"Module._extensions..js","line":1153,"method":".js","native":false},{"column":32,"file":"node:internal/modules/cjs/loader","function":"Module.load","line":981,"method":"load","native":false},{"column":12,"file":"node:internal/modules/cjs/loader","function":"Module._load","line":822,"method":"_load","native":false},{"column":19,"file":"node:internal/modules/cjs/loader","function":"Module.require","line":1005,"method":"require","native":false},{"column":18,"file":"node:internal/modules/cjs/helpers","function":"require","line":102,"method":null,"native":false},{"column":36,"file":"C:\\Users\\ALANKRITHA\\Books\\book-store\\build\\routes\\index.js","function":null,"line":16,"method":null,"native":false},{"column":14,"file":"node:internal/modules/cjs/loader","function":"Module._compile","line":1101,"method":"_compile","native":false},{"column":10,"file":"node:internal/modules/cjs/loader","function":"Module._extensions..js","line":1153,"method":".js","native":false},{"column":32,"file":"node:internal/modules/cjs/loader","function":"Module.load","line":981,"method":"load","native":false},{"column":12,"file":"node:internal/modules/cjs/loader","function":"Module._load","line":822,"method":"_load","native":false}]}
error: uncaughtException: bookRoute is not defined
ReferenceError: bookRoute is not defined
    at routes (C:\Users\ALANKRITHA\Books\book-store\build\routes\index.js:31:23)
    at Object.<anonymous> (C:\Users\ALANKRITHA\Books\book-store\build\index.js:50:61)
    at Module._compile (node:internal/modules/cjs/loader:1101:14)
    at Object.Module._extensions..js (node:internal/modules/cjs/loader:1153:10)
    at Module.load (node:internal/modules/cjs/loader:981:32)
    at Function.Module._load (node:internal/modules/cjs/loader:822:12)
    at Function.executeUserEntryPoint [as runMain] (node:internal/modules/run_main:81:12)
    at node:internal/main/run_main_module:17:47 {"date":"Sat Feb 12 2022 18:55:05 GMT+0530 (India Standard Time)","error":{},"exception":true,"os":{"loadavg":[0,0,0],"uptime":28225},"process":{"argv":["C:\\Program Files\\nodejs\\node.exe","C:\\Users\\ALANKRITHA\\Books\\book-store\\build\\index.js"],"cwd":"C:\\Users\\ALANKRITHA\\Books\\book-store","execPath":"C:\\Program Files\\nodejs\\node.exe","gid":null,"memoryUsage":{"arrayBuffers":18796552,"external":24866883,"heapTotal":56737792,"heapUsed":28710528,"rss":68259840},"pid":17588,"uid":null,"version":"v16.13.1"},"stack":"ReferenceError: bookRoute is not defined\n    at routes (C:\\Users\\ALANKRITHA\\Books\\book-store\\build\\routes\\index.js:31:23)\n    at Object.<anonymous> (C:\\Users\\ALANKRITHA\\Books\\book-store\\build\\index.js:50:61)\n    at Module._compile (node:internal/modules/cjs/loader:1101:14)\n    at Object.Module._extensions..js (node:internal/modules/cjs/loader:1153:10)\n    at Module.load (node:internal/modules/cjs/loader:981:32)\n    at Function.Module._load (node:internal/modules/cjs/loader:822:12)\n    at Function.executeUserEntryPoint [as runMain] (node:internal/modules/run_main:81:12)\n    at node:internal/main/run_main_module:17:47","trace":[{"column":23,"file":"C:\\Users\\ALANKRITHA\\Books\\book-store\\build\\routes\\index.js","function":"routes","line":31,"method":null,"native":false},{"column":61,"file":"C:\\Users\\ALANKRITHA\\Books\\book-store\\build\\index.js","function":null,"line":50,"method":null,"native":false},{"column":14,"file":"node:internal/modules/cjs/loader","function":"Module._compile","line":1101,"method":"_compile","native":false},{"column":10,"file":"node:internal/modules/cjs/loader","function":"Module._extensions..js","line":1153,"method":".js","native":false},{"column":32,"file":"node:internal/modules/cjs/loader","function":"Module.load","line":981,"method":"load","native":false},{"column":12,"file":"node:internal/modules/cjs/loader","function":"Module._load","line":822,"method":"_load","native":false},{"column":12,"file":"node:internal/modules/run_main","function":"Function.executeUserEntryPoint [as runMain]","line":81,"method":"executeUserEntryPoint [as runMain]","native":false},{"column":47,"file":"node:internal/main/run_main_module","function":null,"line":17,"method":null,"native":false}]}
info: ::1 - - [12/Feb/2022:13:26:36 +0000] "POST /api/v1/cart/:id HTTP/1.1" 400 56 "-" "PostmanRuntime/7.29.0"

info: ::1 - - [12/Feb/2022:13:26:49 +0000] "POST /api/v1/cart/:id HTTP/1.1" 500 52 "-" "PostmanRuntime/7.29.0"

info: ::1 - - [12/Feb/2022:13:27:26 +0000] "POST /api/v1/cart/:id HTTP/1.1" 500 52 "-" "PostmanRuntime/7.29.0"

info: ::1 - - [12/Feb/2022:13:27:29 +0000] "POST /api/v1/cart/:id HTTP/1.1" 500 52 "-" "PostmanRuntime/7.29.0"

info: ::1 - - [12/Feb/2022:13:28:06 +0000] "POST /api/v1/cart/:id HTTP/1.1" 500 59 "-" "PostmanRuntime/7.29.0"

info: ::1 - - [12/Feb/2022:13:28:46 +0000] "POST /api/v1/cart/:id HTTP/1.1" 500 85 "-" "PostmanRuntime/7.29.0"

info: ::1 - - [12/Feb/2022:13:30:40 +0000] "POST /api/v1/cart/:id HTTP/1.1" 500 85 "-" "PostmanRuntime/7.29.0"

info: ::1 - - [12/Feb/2022:13:30:49 +0000] "POST /api/v1/cart/:id HTTP/1.1" 500 85 "-" "PostmanRuntime/7.29.0"

info: ::1 - - [12/Feb/2022:13:33:03 +0000] "POST /api/v1/cart/:id HTTP/1.1" 500 85 "-" "PostmanRuntime/7.29.0"

info: ::1 - - [12/Feb/2022:13:34:11 +0000] "POST /api/v1/cart/62062054d9520c4dec032267 HTTP/1.1" 500 85 "-" "PostmanRuntime/7.29.0"

info: ::1 - - [12/Feb/2022:13:35:16 +0000] "POST /api/v1/cart/62062054d9520c4dec032267 HTTP/1.1" 500 56 "-" "PostmanRuntime/7.29.0"

info: ::1 - - [12/Feb/2022:13:35:28 +0000] "POST /api/v1/cart/62062054d9520c4dec032267 HTTP/1.1" 500 85 "-" "PostmanRuntime/7.29.0"

info: ::1 - - [12/Feb/2022:13:35:34 +0000] "POST /api/v1/cart/62062054d9520c4dec032267 HTTP/1.1" 500 85 "-" "PostmanRuntime/7.29.0"

info: ::1 - - [12/Feb/2022:13:43:50 +0000] "POST /api/v1/cart/62062054d9520c4dec032267 HTTP/1.1" 500 85 "-" "PostmanRuntime/7.29.0"

info: ::1 - - [12/Feb/2022:13:44:27 +0000] "POST /api/v1/cart/62062054d9520c4dec032267 HTTP/1.1" 500 85 "-" "PostmanRuntime/7.29.0"

info: ::1 - - [12/Feb/2022:13:44:29 +0000] "POST /api/v1/cart/62062054d9520c4dec032267 HTTP/1.1" 500 85 "-" "PostmanRuntime/7.29.0"

info: ::1 - - [12/Feb/2022:13:59:27 +0000] "POST /api/v1/cart/62062054d9520c4dec032267 HTTP/1.1" 500 85 "-" "PostmanRuntime/7.29.0"

info: ::1 - - [12/Feb/2022:14:00:44 +0000] "POST /api/v1/cart/62062054d9520c4dec032267 HTTP/1.1" 500 85 "-" "PostmanRuntime/7.29.0"

info: ::1 - - [12/Feb/2022:14:01:50 +0000] "POST /api/v1/cart/62062054d9520c4dec032267 HTTP/1.1" 500 85 "-" "PostmanRuntime/7.29.0"

info: ::1 - - [12/Feb/2022:14:08:24 +0000] "GET /api/v1/cart/ HTTP/1.1" 400 56 "-" "PostmanRuntime/7.29.0"

info: ::1 - - [12/Feb/2022:14:08:33 +0000] "GET /api/v1/cart/ HTTP/1.1" 500 52 "-" "PostmanRuntime/7.29.0"

info: ::1 - - [12/Feb/2022:14:08:52 +0000] "GET /api/v1/cart/ HTTP/1.1" 500 52 "-" "PostmanRuntime/7.29.0"

info: ::1 - - [12/Feb/2022:14:09:19 +0000] "GET /api/v1/cart/ HTTP/1.1" 500 85 "-" "PostmanRuntime/7.29.0"

info: ::1 - - [12/Feb/2022:14:09:32 +0000] "POST /api/v1/cart/62062054d9520c4dec032267 HTTP/1.1" 500 85 "-" "PostmanRuntime/7.29.0"

info: ::1 - - [12/Feb/2022:14:21:09 +0000] "POST /api/v1/cart/addcart HTTP/1.1" 500 85 "-" "PostmanRuntime/7.29.0"

info: ::1 - - [12/Feb/2022:14:22:24 +0000] "POST /api/v1/cart/addcart/620650a2455c181d9c16eab2 HTTP/1.1" 404 47 "-" "PostmanRuntime/7.29.0"

info: ::1 - - [12/Feb/2022:14:22:49 +0000] "POST /api/v1/cart/addcart/620650a2455c181d9c16eab2 HTTP/1.1" 500 85 "-" "PostmanRuntime/7.29.0"

info: ::1 - - [12/Feb/2022:14:24:04 +0000] "POST /api/v1/cart/addcart/620650a2455c181d9c16eab2 HTTP/1.1" 500 85 "-" "PostmanRuntime/7.29.0"

info: ::1 - - [12/Feb/2022:14:24:37 +0000] "GET /api/v1/book/getbook HTTP/1.1" 200 945 "-" "PostmanRuntime/7.29.0"

info: ::1 - - [12/Feb/2022:14:24:58 +0000] "POST /api/v1/cart/addcart/62075339a247101d1c5e48d0 HTTP/1.1" 500 85 "-" "PostmanRuntime/7.29.0"

info: ::1 - - [12/Feb/2022:14:25:26 +0000] "POST /api/v1/cart/addcart/62075339a247101d1c5e48d0 HTTP/1.1" 500 85 "-" "PostmanRuntime/7.29.0"

info: ::1 - - [12/Feb/2022:14:25:28 +0000] "POST /api/v1/cart/addcart/62075339a247101d1c5e48d0 HTTP/1.1" 500 85 "-" "PostmanRuntime/7.29.0"

info: ::1 - - [12/Feb/2022:14:28:38 +0000] "POST /api/v1/cart/addcart/62075339a247101d1c5e48d0 HTTP/1.1" 500 85 "-" "PostmanRuntime/7.29.0"

info: ::1 - - [12/Feb/2022:14:29:00 +0000] "POST /api/v1/cart/addcart/62075339a247101d1c5e48d0 HTTP/1.1" 500 52 "-" "PostmanRuntime/7.29.0"

info: ::1 - - [12/Feb/2022:14:29:53 +0000] "POST /api/v1/cart/addcart/62075339a247101d1c5e48d0 HTTP/1.1" 500 52 "-" "PostmanRuntime/7.29.0"

info: ::1 - - [12/Feb/2022:14:30:53 +0000] "GET /api/v1/book/getbook HTTP/1.1" 200 945 "-" "PostmanRuntime/7.29.0"

info: ::1 - - [12/Feb/2022:14:31:35 +0000] "POST /api/v1/book/addbook HTTP/1.1" 201 301 "-" "PostmanRuntime/7.29.0"

info: ::1 - - [12/Feb/2022:14:31:45 +0000] "GET /api/v1/book/getbook HTTP/1.1" 200 1172 "-" "PostmanRuntime/7.29.0"

info: ::1 - - [12/Feb/2022:14:32:03 +0000] "POST /api/v1/cart/addcart/6207c4c7f7e96c095cf4d785 HTTP/1.1" 500 52 "-" "PostmanRuntime/7.29.0"

info: ::1 - - [12/Feb/2022:14:32:26 +0000] "POST /api/v1/cart/addcart/6207c4c7f7e96c095cf4d785 HTTP/1.1" 500 52 "-" "PostmanRuntime/7.29.0"

info: ::1 - - [12/Feb/2022:14:32:51 +0000] "POST /api/v1/cart/addcart/6207c4c7f7e96c095cf4d785 HTTP/1.1" 500 85 "-" "PostmanRuntime/7.29.0"

info: ::1 - - [12/Feb/2022:14:33:55 +0000] "POST /api/v1/cart/addcart/6207c4c7f7e96c095cf4d785 HTTP/1.1" 500 85 "-" "PostmanRuntime/7.29.0"

info: ::1 - - [12/Feb/2022:14:34:17 +0000] "POST /api/v1/cart/addcart/6207c4c7f7e96c095cf4d785 HTTP/1.1" 500 85 "-" "PostmanRuntime/7.29.0"

info: ::1 - - [12/Feb/2022:14:35:20 +0000] "POST /api/v1/cart/addcart/6207c4c7f7e96c095cf4d785 HTTP/1.1" 500 52 "-" "PostmanRuntime/7.29.0"

info: ::1 - - [12/Feb/2022:14:40:37 +0000] "POST /api/v1/cart/addcart/6207c4c7f7e96c095cf4d785 HTTP/1.1" 500 52 "-" "PostmanRuntime/7.29.0"

info: ::1 - - [12/Feb/2022:14:41:50 +0000] "POST /api/v1/cart/:id HTTP/1.1" 404 47 "-" "PostmanRuntime/7.29.0"

info: ::1 - - [12/Feb/2022:14:42:25 +0000] "POST /api/v1/cart/6207c4c7f7e96c095cf4d785 HTTP/1.1" 500 52 "-" "PostmanRuntime/7.29.0"

info: ::1 - - [12/Feb/2022:14:43:15 +0000] "POST /api/v1/book/addbook HTTP/1.1" 201 301 "-" "PostmanRuntime/7.29.0"

info: ::1 - - [12/Feb/2022:14:43:33 +0000] "POST /api/v1/cart/6207c7837f30084964aeeb51 HTTP/1.1" 500 52 "-" "PostmanRuntime/7.29.0"

info: ::1 - - [12/Feb/2022:14:44:05 +0000] "POST /api/v1/cart/6207c7837f30084964aeeb51 HTTP/1.1" 500 86 "-" "PostmanRuntime/7.29.0"

info: ::1 - - [12/Feb/2022:14:44:38 +0000] "POST /api/v1/cart/6207c7837f30084964aeeb51 HTTP/1.1" 500 86 "-" "PostmanRuntime/7.29.0"

info: ::1 - - [12/Feb/2022:14:45:03 +0000] "POST /api/v1/cart/6207c7837f30084964aeeb51 HTTP/1.1" 500 86 "-" "PostmanRuntime/7.29.0"

info: ::1 - - [12/Feb/2022:14:46:02 +0000] "POST /api/v1/cart/6207c7837f30084964aeeb51 HTTP/1.1" 500 86 "-" "PostmanRuntime/7.29.0"

info: ::1 - - [12/Feb/2022:14:48:01 +0000] "POST /api/v1/cart/6207c7837f30084964aeeb51 HTTP/1.1" 500 86 "-" "PostmanRuntime/7.29.0"

info: ::1 - - [12/Feb/2022:14:48:59 +0000] "POST /api/v1/book/addbook HTTP/1.1" 201 277 "-" "PostmanRuntime/7.29.0"

info: ::1 - - [12/Feb/2022:14:49:24 +0000] "POST /api/v1/cart/6207c8db79399205d0fd7577 HTTP/1.1" 500 86 "-" "PostmanRuntime/7.29.0"

info: ::1 - - [12/Feb/2022:14:51:22 +0000] "POST /api/v1/cart/6207c8db79399205d0fd7577 HTTP/1.1" 201 248 "-" "PostmanRuntime/7.29.0"

info: ::1 - - [12/Feb/2022:14:52:02 +0000] "POST /api/v1/book/addbook HTTP/1.1" 201 280 "-" "PostmanRuntime/7.29.0"

info: ::1 - - [12/Feb/2022:14:53:46 +0000] "GET /api/v1/book/getbook HTTP/1.1" 200 1834 "-" "PostmanRuntime/7.29.0"

info: ::1 - - [12/Feb/2022:14:55:14 +0000] "PUT /api/v1/cart/ HTTP/1.1" 400 59 "-" "PostmanRuntime/7.29.0"

info: ::1 - - [12/Feb/2022:14:55:45 +0000] "PUT /api/v1/cart/ HTTP/1.1" 400 59 "-" "PostmanRuntime/7.29.0"

info: ::1 - - [12/Feb/2022:14:55:56 +0000] "PUT /api/v1/cart/ HTTP/1.1" 400 59 "-" "PostmanRuntime/7.29.0"

info: ::1 - - [12/Feb/2022:14:56:51 +0000] "PUT /api/v1/cart/ HTTP/1.1" 400 59 "-" "PostmanRuntime/7.29.0"

info: ::1 - - [12/Feb/2022:14:57:22 +0000] "PUT /api/v1/cart/ HTTP/1.1" 400 59 "-" "PostmanRuntime/7.29.0"

info: ::1 - - [12/Feb/2022:14:58:05 +0000] "POST /api/v1/cart/6207c992a90e3a22b47dbd24 HTTP/1.1" 201 292 "-" "PostmanRuntime/7.29.0"

info: ::1 - - [12/Feb/2022:14:59:28 +0000] "PUT /api/v1/cart/ HTTP/1.1" 400 59 "-" "PostmanRuntime/7.29.0"

info: ::1 - - [12/Feb/2022:15:00:49 +0000] "PUT /api/v1/cart/removecart HTTP/1.1" 400 59 "-" "PostmanRuntime/7.29.0"

info: ::1 - - [12/Feb/2022:15:01:40 +0000] "PUT /api/v1/cart/removecart HTTP/1.1" 500 71 "-" "PostmanRuntime/7.29.0"

info: ::1 - - [12/Feb/2022:15:07:51 +0000] "PUT /api/v1/cart/removecart HTTP/1.1" 400 48 "-" "PostmanRuntime/7.29.0"

info: ::1 - - [12/Feb/2022:15:07:59 +0000] "PUT /api/v1/cart/removecart HTTP/1.1" 400 48 "-" "PostmanRuntime/7.29.0"

info: ::1 - - [12/Feb/2022:15:08:05 +0000] "PUT /api/v1/cart/removecart HTTP/1.1" 500 71 "-" "PostmanRuntime/7.29.0"

info: ::1 - - [12/Feb/2022:15:08:14 +0000] "PUT /api/v1/cart/removecart HTTP/1.1" 400 48 "-" "PostmanRuntime/7.29.0"

info: ::1 - - [12/Feb/2022:15:08:22 +0000] "PUT /api/v1/cart/removecart HTTP/1.1" 400 48 "-" "PostmanRuntime/7.29.0"

info: ::1 - - [12/Feb/2022:15:08:25 +0000] "PUT /api/v1/cart/removecart HTTP/1.1" 400 48 "-" "PostmanRuntime/7.29.0"

info: ::1 - - [12/Feb/2022:15:08:31 +0000] "PUT /api/v1/cart/removecart HTTP/1.1" 400 48 "-" "PostmanRuntime/7.29.0"

info: ::1 - - [12/Feb/2022:15:08:40 +0000] "PUT /api/v1/cart/removecart HTTP/1.1" 400 48 "-" "PostmanRuntime/7.29.0"

info: ::1 - - [12/Feb/2022:15:08:49 +0000] "PUT /api/v1/cart/removecart HTTP/1.1" 400 48 "-" "PostmanRuntime/7.29.0"

info: ::1 - - [12/Feb/2022:15:09:09 +0000] "PUT /api/v1/cart/removecart HTTP/1.1" 400 48 "-" "PostmanRuntime/7.29.0"

info: ::1 - - [12/Feb/2022:15:09:12 +0000] "PUT /api/v1/cart/removecart HTTP/1.1" 400 48 "-" "PostmanRuntime/7.29.0"

info: ::1 - - [12/Feb/2022:15:09:18 +0000] "PUT /api/v1/cart/removecart HTTP/1.1" 500 71 "-" "PostmanRuntime/7.29.0"

info: ::1 - - [12/Feb/2022:15:09:26 +0000] "PUT /api/v1/cart/removecart HTTP/1.1" 400 48 "-" "PostmanRuntime/7.29.0"

info: ::1 - - [12/Feb/2022:15:09:34 +0000] "PUT /api/v1/cart/removecart HTTP/1.1" 400 48 "-" "PostmanRuntime/7.29.0"

info: ::1 - - [12/Feb/2022:15:09:40 +0000] "PUT /api/v1/cart/removecart HTTP/1.1" 400 48 "-" "PostmanRuntime/7.29.0"

info: ::1 - - [12/Feb/2022:15:10:05 +0000] "PUT /api/v1/cart/removecart HTTP/1.1" 400 48 "-" "PostmanRuntime/7.29.0"

info: ::1 - - [12/Feb/2022:15:10:19 +0000] "PUT /api/v1/cart/removecart HTTP/1.1" 400 48 "-" "PostmanRuntime/7.29.0"

info: ::1 - - [12/Feb/2022:15:10:21 +0000] "PUT /api/v1/cart/removecart HTTP/1.1" 400 48 "-" "PostmanRuntime/7.29.0"

info: ::1 - - [12/Feb/2022:15:10:48 +0000] "PUT /api/v1/cart/removecart HTTP/1.1" 400 48 "-" "PostmanRuntime/7.29.0"

info: ::1 - - [12/Feb/2022:15:10:58 +0000] "PUT /api/v1/cart/removecart HTTP/1.1" 400 48 "-" "PostmanRuntime/7.29.0"

info: ::1 - - [12/Feb/2022:15:11:03 +0000] "PUT /api/v1/cart/removecart HTTP/1.1" 400 48 "-" "PostmanRuntime/7.29.0"

info: ::1 - - [12/Feb/2022:15:12:14 +0000] "PUT /api/v1/cart/6207c8db79399205d0fd7577 HTTP/1.1" 400 56 "-" "PostmanRuntime/7.29.0"

info: ::1 - - [12/Feb/2022:15:12:22 +0000] "PUT /api/v1/cart/6207c8db79399205d0fd7577 HTTP/1.1" 500 71 "-" "PostmanRuntime/7.29.0"

info: ::1 - - [12/Feb/2022:15:12:44 +0000] "GET /api/v1/cart/ HTTP/1.1" 500 85 "-" "PostmanRuntime/7.29.0"

info: ::1 - - [12/Feb/2022:15:12:50 +0000] "PUT /api/v1/cart/removecart HTTP/1.1" 400 48 "-" "PostmanRuntime/7.29.0"

info: ::1 - - [12/Feb/2022:15:15:23 +0000] "POST /api/v1/book/addbook HTTP/1.1" 201 280 "-" "PostmanRuntime/7.29.0"

info: ::1 - - [12/Feb/2022:15:15:46 +0000] "POST /api/v1/cart/6207cf0bd34c724168c3a264 HTTP/1.1" 201 290 "-" "PostmanRuntime/7.29.0"

info: ::1 - - [12/Feb/2022:15:16:42 +0000] "PUT /api/v1/cart/removecart HTTP/1.1" 500 71 "-" "PostmanRuntime/7.29.0"

info: ::1 - - [12/Feb/2022:15:19:49 +0000] "POST /api/v1/book/addbook HTTP/1.1" 201 299 "-" "PostmanRuntime/7.29.0"

info: ::1 - - [12/Feb/2022:15:20:04 +0000] "GET /api/v1/book/getbook HTTP/1.1" 200 2291 "-" "PostmanRuntime/7.29.0"

info: ::1 - - [12/Feb/2022:15:20:22 +0000] "POST /api/v1/cart/6207d015d34c724168c3a26c HTTP/1.1" 201 301 "-" "PostmanRuntime/7.29.0"

info: ::1 - - [12/Feb/2022:15:21:57 +0000] "PUT /api/v1/cart/removecart HTTP/1.1" 500 71 "-" "PostmanRuntime/7.29.0"

info: ::1 - - [12/Feb/2022:15:23:35 +0000] "PUT /api/v1/cart/6207c8db79399205d0fd7577 HTTP/1.1" 500 71 "-" "PostmanRuntime/7.29.0"

info: ::1 - - [12/Feb/2022:15:25:50 +0000] "PUT /api/v1/cart/6207c8db79399205d0fd7577 HTTP/1.1" 500 71 "-" "PostmanRuntime/7.29.0"

info: ::1 - - [12/Feb/2022:15:28:06 +0000] "PUT /api/v1/cart/6207c8db79399205d0fd7577 HTTP/1.1" 500 71 "-" "PostmanRuntime/7.29.0"

info: ::1 - - [12/Feb/2022:15:28:43 +0000] "PUT /api/v1/cart/6207c8db79399205d0fd7577 HTTP/1.1" 500 71 "-" "PostmanRuntime/7.29.0"

info: ::1 - - [12/Feb/2022:15:32:41 +0000] "GET /api/v1/cart/ HTTP/1.1" 500 85 "-" "PostmanRuntime/7.29.0"

info: ::1 - - [12/Feb/2022:15:33:23 +0000] "GET /api/v1/cart/ HTTP/1.1" 500 86 "-" "PostmanRuntime/7.29.0"

info: ::1 - - [12/Feb/2022:15:33:47 +0000] "GET /api/v1/cart/ HTTP/1.1" 500 86 "-" "PostmanRuntime/7.29.0"

info: ::1 - - [12/Feb/2022:15:33:53 +0000] "GET /api/v1/cart/ HTTP/1.1" 500 86 "-" "PostmanRuntime/7.29.0"

info: ::1 - - [12/Feb/2022:15:34:15 +0000] "GET /api/v1/cart/ HTTP/1.1" 500 86 "-" "PostmanRuntime/7.29.0"

info: ::1 - - [12/Feb/2022:15:35:41 +0000] "GET /api/v1/cart/ HTTP/1.1" 500 86 "-" "PostmanRuntime/7.29.0"

info: ::1 - - [12/Feb/2022:15:36:38 +0000] "GET /api/v1/cart/ HTTP/1.1" 200 330 "-" "PostmanRuntime/7.29.0"

info: ::1 - - [12/Feb/2022:15:36:51 +0000] "PUT /api/v1/cart/6207c8db79399205d0fd7577 HTTP/1.1" 500 71 "-" "PostmanRuntime/7.29.0"

info: ::1 - - [12/Feb/2022:15:36:56 +0000] "PUT /api/v1/cart/removecart HTTP/1.1" 400 48 "-" "PostmanRuntime/7.29.0"

info: ::1 - - [12/Feb/2022:15:37:02 +0000] "PUT /api/v1/cart/removecart HTTP/1.1" 500 71 "-" "PostmanRuntime/7.29.0"

info: ::1 - - [12/Feb/2022:15:39:23 +0000] "PUT /api/v1/cart/removecart HTTP/1.1" 400 48 "-" "PostmanRuntime/7.29.0"

info: ::1 - - [12/Feb/2022:15:39:30 +0000] "PUT /api/v1/cart/removecart HTTP/1.1" 400 48 "-" "PostmanRuntime/7.29.0"

info: ::1 - - [13/Feb/2022:14:36:06 +0000] "PUT /api/v1/cart/removecart HTTP/1.1" 400 48 "-" "PostmanRuntime/7.29.0"

info: ::1 - - [13/Feb/2022:14:37:09 +0000] "POST /api/v1/book/addbook HTTP/1.1" 201 299 "-" "PostmanRuntime/7.29.0"

info: ::1 - - [13/Feb/2022:14:37:15 +0000] "GET /api/v1/book/getbook HTTP/1.1" 200 2524 "-" "PostmanRuntime/7.29.0"

info: ::1 - - [13/Feb/2022:14:37:23 +0000] "POST /api/v1/cart/6207d015d34c724168c3a26c HTTP/1.1" 201 57 "-" "PostmanRuntime/7.29.0"

info: ::1 - - [13/Feb/2022:14:37:32 +0000] "POST /api/v1/cart/6207d015d34c724168c3a26c HTTP/1.1" 201 300 "-" "PostmanRuntime/7.29.0"

info: ::1 - - [13/Feb/2022:14:38:18 +0000] "PUT /api/v1/cart/removecart HTTP/1.1" 500 71 "-" "PostmanRuntime/7.29.0"

info: ::1 - - [13/Feb/2022:14:38:30 +0000] "PUT /api/v1/cart/6207c8db79399205d0fd7577 HTTP/1.1" 500 71 "-" "PostmanRuntime/7.29.0"

info: ::1 - - [13/Feb/2022:14:38:36 +0000] "GET /api/v1/cart/ HTTP/1.1" 200 276 "-" "PostmanRuntime/7.29.0"

